Log started at 15.8.2022	11:56:10
Number of used processors (NPROC): 4.
Number of mesh partitions (NPART): 4.
Total Physical Memory = 7.92 Gb, Available Physical Memory = 1.25 Gb
Mesh generation started:	15.8.2022	11:56:10
-----------------------------------------------------------------------
Allocating meshes:
	CPU count: 4
	MESH 0:
		Sub-meshes count: 4
-----------------------------------------------------------------------
Current CPU = 0 sec
-----------------------------------------------------------------------
Geometries initialization:

Geometry database loading ...OK
-----------------------------------------------------------------------
Loading mesh settings (global/local)...
-----------------------------------------------------------------------
Number of geometries: 2
Geometry(0):
	Fluid..
	1 Body.
	1 Real body.
	Tolerance=1.5e-06.
	6 Face(s).
		6 of b-spline type.
	12 Triangle(s).
	6 Face(s) that have no ref faces
	6 Plane surface(s).
	12 Edge(s).
		12 of b-spline type.
	Geometry reading: 0.007 s.
	6 Reference Face(s).
	12 Reference Triangles.
	GeometryRef reading: 0.001 s.
Geometry(1):
	Solid.Glass.
	1 Body.
	1 Real body.
	Tolerance=1.5e-06.
	12 Face(s).
		12 of b-spline type.
	24 Triangle(s).
	0 Face(s) that have no ref faces
	12 Plane surface(s).
	24 Edge(s).
		24 of b-spline type.
	Geometry reading: 0.001 s.
	6 Reference Face(s).
	12 Reference Triangles.
	GeometryRef reading: 0.000 s.
	Making hash and connectivity for geometry 1...
		CBodyGeom:
		Hash size: {68, 84, 68}.
		Mesh size: {68, 84, 68}.
		Hashing triangles...Ok.
		Making triangles connectivity...Ok. (0.000 s).
		Neighbour triangles: 100.00 % (good connect) - 0.00 % (bad connect). Min: 3. Max: 3.
		Done.
		CBodyGeomRef:
		Hashing triangles...Ok.
		Making triangles connectivity...Ok. (0.000 s).
		Neighbour triangles: Min: 1. Max: 1.
		Done.
	0.044 s.
	Making hash and connectivity for geometry 0...
		CBodyGeom:
		Hash size: {68, 84, 68}.
		Mesh size: {68, 84, 68}.
		Hashing triangles...Ok.
		Making triangles connectivity...Ok. (0.000 s).
		Neighbour triangles: 100.00 % (good connect) - 0.00 % (bad connect). Min: 3. Max: 3.
		Done.
		CBodyGeomRef:
		Hashing triangles...Ok.
		Making triangles connectivity...Ok. (0.000 s).
		Neighbour triangles: Min: 1. Max: 1.
		Done.
	0.043 s.
Geometries reading and preparing has taken 0.057 s.

Mapped triangles:
Hashing geometries triangles
	Triangles num=12
	Triangles box={-0.1  ,0.1  ,0  ,0.003  ,-0.1  ,0.1  }
		3d-hash size is 1567536 bytes
		Making triangles connectivity...Ok. (0.000 s).
		Neighbour triangles: 100.00 % (good connect) - 0.00 % (bad connect). Min: 3. Max: 3.
	Triangles num=24
	Triangles box={-0.2505  ,0.2505  ,-0.2505  ,0.2505  ,-0.2505  ,0.2505  }
		3d-hash size is 1567536 bytes
		Making triangles connectivity...Ok. (0.000 s).
		Neighbour triangles: 100.00 % (good connect) - 0.00 % (bad connect). Min: 3. Max: 3.
Hashing peculiar surfaces triangles
Mapped triangles processed in 0.129 s.
-----------------------------------------------------------------------

Current CPU = 0 sec
Flow Simulation 2018  x64 / 3996 / MESHER ver. efd_17_0.3919_21.06.2017 

Project: C:\Users\harry\Dropbox\Harry Private\Positron3DPRinterBLDC\CAD  files\BedFlowSim\SW\1\1.xmlconfig
Computer name:	DESKTOP-HHFVBHF
Operating system:	Windows 10 (or higher) (Version 10.0.22000)

SOLIDWORKS 2018 SP0.1

-----------------------------------------------------------------------
Mesh dimensions:
				I[0 ]=68
				I[1 ]=84
				I[2 ]=68
Solver refinement level	I[47]=0

Comp. domain size:
				a[0  ]=-0.25
				a[1  ]=0.25
				a[2  ]=-0.25
				a[3  ]=0.25
				a[4  ]=-0.25
				a[5  ]=0.25
Wall thickness		a[231]=0
Gap size			a[232]=1

Fluid calculated			1
Solid calculated			1
-----------------------------------------------------------------------
MESH: distribute base bricks among sub-meshes...
	Base bricks count               388416
	Sub-meshes  count               4
	Base bricks count per sub-mesh  97104 (+0)
	Sub-mesh 0: 97104 base brick(s), range [0, 67]-[0, 20]-[0, 67]
	Sub-mesh 1: 97104 base brick(s), range [0, 67]-[21, 41]-[0, 67]
	Sub-mesh 2: 97104 base brick(s), range [0, 67]-[42, 62]-[0, 67]
	Sub-mesh 3: 97104 base brick(s), range [0, 67]-[63, 83]-[0, 67]
-----------------------------------------------------------------------
-----------------------------------------------------------------------
MESH: collecting ghosts in sub-meshes...
	Sub-mesh 0:
		Total  brick(s) 101728
		Native brick(s) 97104
		Inner  brick(s) 92480
		Outer  brick(s) 4624
		Ghost  brick(s) 4624
	Sub-mesh 1:
		Total  brick(s) 106352
		Native brick(s) 97104
		Inner  brick(s) 87856
		Outer  brick(s) 9248
		Ghost  brick(s) 9248
	Sub-mesh 2:
		Total  brick(s) 106352
		Native brick(s) 97104
		Inner  brick(s) 87856
		Outer  brick(s) 9248
		Ghost  brick(s) 9248
	Sub-mesh 3:
		Total  brick(s) 101728
		Native brick(s) 97104
		Inner  brick(s) 92480
		Outer  brick(s) 4624
		Ghost  brick(s) 4624
	Total brick(s) 388416
-----------------------------------------------------------------------
Setting regions...OK (0.098 s)
Base mesh info------------------
	2D flag  =0
	Period   =[0, 0, 0]
	Nx=68
		x[0]=-0.25
		x[1]=-0.237145
		x[2]=-0.224908
		x[3]=-0.213255
		x[4]=-0.202159
		x[5]=-0.191591
		x[6]=-0.181529
		x[7]=-0.171946
		x[8]=-0.162821
		x[9]=-0.154132
		x[10]=-0.145857
		x[11]=-0.137977
		x[12]=-0.130474
		x[13]=-0.123328
		x[14]=-0.116524
		x[15]=-0.110044
		x[16]=-0.103874
		x[17]=-0.0979982
		x[18]=-0.0922335
		x[19]=-0.0864688
		x[20]=-0.0807041
		x[21]=-0.0749394
		x[22]=-0.0691747
		x[23]=-0.06341
		x[24]=-0.0576452
		x[25]=-0.0518805
		x[26]=-0.0461158
		x[27]=-0.0403511
		x[28]=-0.0345864
		x[29]=-0.0288217
		x[30]=-0.023057
		x[31]=-0.0172923
		x[32]=-0.0115276
		x[33]=-0.0057629
		x[34]=1.81047e-06
		x[35]=0.00576652
		x[36]=0.0115312
		x[37]=0.0172959
		x[38]=0.0230606
		x[39]=0.0288253
		x[40]=0.03459
		x[41]=0.0403548
		x[42]=0.0461195
		x[43]=0.0518842
		x[44]=0.0576489
		x[45]=0.0634136
		x[46]=0.0691783
		x[47]=0.074943
		x[48]=0.0807077
		x[49]=0.0864724
		x[50]=0.0922371
		x[51]=0.0980018
		x[52]=0.103878
		x[53]=0.110049
		x[54]=0.116529
		x[55]=0.123334
		x[56]=0.13048
		x[57]=0.137984
		x[58]=0.145865
		x[59]=0.15414
		x[60]=0.162829
		x[61]=0.171955
		x[62]=0.181537
		x[63]=0.1916
		x[64]=0.202167
		x[65]=0.213264
		x[66]=0.224917
		x[67]=0.237154
		x[68]=0.25
	Ny=84
		y[0]=-0.25
		y[1]=-0.236273
		y[2]=-0.2232
		y[3]=-0.210746
		y[4]=-0.198883
		y[5]=-0.187582
		y[6]=-0.176816
		y[7]=-0.166561
		y[8]=-0.156791
		y[9]=-0.147485
		y[10]=-0.138619
		y[11]=-0.130174
		y[12]=-0.122129
		y[13]=-0.114465
		y[14]=-0.107164
		y[15]=-0.100209
		y[16]=-0.0935838
		y[17]=-0.0872725
		y[18]=-0.0812603
		y[19]=-0.0755331
		y[20]=-0.0700772
		y[21]=-0.0648798
		y[22]=-0.0599288
		y[23]=-0.0552124
		y[24]=-0.0507195
		y[25]=-0.0464394
		y[26]=-0.0423623
		y[27]=-0.0384783
		y[28]=-0.0347784
		y[29]=-0.0312538
		y[30]=-0.0278962
		y[31]=-0.0246977
		y[32]=-0.0216508
		y[33]=-0.0187483
		y[34]=-0.0159834
		y[35]=-0.0133494
		y[36]=-0.0108403
		y[37]=-0.00845008
		y[38]=-0.00617313
		y[39]=-0.00400408
		y[40]=-0.00193781
		y[41]=3.05349e-05
		y[42]=0.0015004
		y[43]=0.0029704
		y[44]=0.00492873
		y[45]=0.00698383
		y[46]=0.0091406
		y[47]=0.0114041
		y[48]=0.0137795
		y[49]=0.0162725
		y[50]=0.0188887
		y[51]=0.0216345
		y[52]=0.024516
		y[53]=0.0275401
		y[54]=0.0307138
		y[55]=0.0340445
		y[56]=0.03754
		y[57]=0.0412084
		y[58]=0.0450583
		y[59]=0.0490987
		y[60]=0.0533389
		y[61]=0.057789
		y[62]=0.0624591
		y[63]=0.0673603
		y[64]=0.072504
		y[65]=0.0779021
		y[66]=0.0835673
		y[67]=0.0895127
		y[68]=0.0957523
		y[69]=0.102301
		y[70]=0.109173
		y[71]=0.116385
		y[72]=0.123954
		y[73]=0.131897
		y[74]=0.140234
		y[75]=0.148982
		y[76]=0.158164
		y[77]=0.1678
		y[78]=0.177912
		y[79]=0.188525
		y[80]=0.199663
		y[81]=0.211352
		y[82]=0.223619
		y[83]=0.236493
		y[84]=0.25
	Nz=68
		z[0]=-0.25
		z[1]=-0.237146
		z[2]=-0.224909
		z[3]=-0.213256
		z[4]=-0.202159
		z[5]=-0.191592
		z[6]=-0.18153
		z[7]=-0.171947
		z[8]=-0.162822
		z[9]=-0.154133
		z[10]=-0.145858
		z[11]=-0.137978
		z[12]=-0.130474
		z[13]=-0.123329
		z[14]=-0.116525
		z[15]=-0.110045
		z[16]=-0.103874
		z[17]=-0.0979986
		z[18]=-0.092234
		z[19]=-0.0864693
		z[20]=-0.0807046
		z[21]=-0.0749398
		z[22]=-0.0691751
		z[23]=-0.0634104
		z[24]=-0.0576457
		z[25]=-0.051881
		z[26]=-0.0461163
		z[27]=-0.0403516
		z[28]=-0.0345869
		z[29]=-0.0288222
		z[30]=-0.0230575
		z[31]=-0.0172928
		z[32]=-0.0115281
		z[33]=-0.00576338
		z[34]=1.32707e-06
		z[35]=0.00576603
		z[36]=0.0115307
		z[37]=0.0172954
		z[38]=0.0230602
		z[39]=0.0288249
		z[40]=0.0345896
		z[41]=0.0403543
		z[42]=0.046119
		z[43]=0.0518837
		z[44]=0.0576484
		z[45]=0.0634131
		z[46]=0.0691778
		z[47]=0.0749425
		z[48]=0.0807072
		z[49]=0.0864719
		z[50]=0.0922366
		z[51]=0.0980013
		z[52]=0.103878
		z[53]=0.110049
		z[54]=0.116529
		z[55]=0.123334
		z[56]=0.13048
		z[57]=0.137984
		z[58]=0.145864
		z[59]=0.154139
		z[60]=0.162829
		z[61]=0.171954
		z[62]=0.181537
		z[63]=0.191599
		z[64]=0.202167
		z[65]=0.213263
		z[66]=0.224916
		z[67]=0.237153
		z[68]=0.25
End of base mesh info---------
Input_mesh_settings--------------------------------
Settings 0----------------
	Scope: GLOBAL
	Type:	------MESHER_SETTINGS----------
	RefAllCells           =0
	RefFluidCells         =0
	RefPartCells          =0
	RefSolidCells         =0
	l_SSFR(Capture crit)  =3
	l_curv(Curvature crit)=0
	l_tol(Tolerance crit) =5
	  k_tol               =0.00075
	UseChannelRef         =1
	  NCR_method          =0
	  l_NCR               =4
	  N_gap               =20
	  Use d_NCR_min       =0
	  Use d_NCR_max       =0
	IgnoreThinChannelsHeight         =0
	--END_OF_MESHER_SETTINGS-------
End of input mesh settings-------------------------

-----------------------------------------------------------------------
Building geometries:
Building geometry Fluid.0.(0)...

-----------------------------------------------------------------------
Refining by triangulation...
Refinement input: 388416 bricks
Setting regions...OK (0.102 s)
Setting regions...OK (0.070 s)
Refinement result: 388752 bricks (0.645 s)
Refinement input: 388752 bricks
Refinement result: 388752 bricks (0.092 s)
Collecting and processing rays...OK (3.261 s)
Capturing...OK (0.189 s)
Refining by triangulation takes 4.199 s
-----------------------------------------------------------------------

-----------------------------------------------------------------------
Refining peculiar surfaces...
0 surfaces refined
Refining peculiar surfaces takes 0 s
-----------------------------------------------------------------------
Collecting and processing rays...OK (0.034 s)
Capturing...OK (0.015 s)
Collecting and processing rays...OK (0.035 s)
Capturing...OK (0.017 s)
Collecting and processing rays...OK (0.070 s)
Capturing...OK (0.021 s)

-----------------------------------------------------------------------
Base mesh 1 Refining...
Refinement input: 388752 bricks
Refinement result: 388752 bricks (0.116 s)
Collecting and processing rays...OK (0.024 s)
Capturing...OK (0.014 s)
-----------------------------------------------------------------------
Refining channels...
FYI: CNarrowChannelRefiner::RefineChannels_PRLL: m_submesh_count=4
FYI: m_iteration_count = 0
FYI: level1 statistics:
     level1_cnt_plus[1]=0;		level1_cnt_minus[1]=0
     level1_cnt_plus[2]=0;		level1_cnt_minus[2]=0
     level1_cnt_plus[3]=0;		level1_cnt_minus[3]=0
     level1_cnt_plus[4]=0;		level1_cnt_minus[4]=0
     level1_cnt_plus[5]=0;		level1_cnt_minus[5]=0
     level1_cnt_plus[6]=0;		level1_cnt_minus[6]=0
     level1_cnt_plus[7]=0;		level1_cnt_minus[7]=0
     level1_cnt_plus[8]=0;		level1_cnt_minus[8]=0
     level1_cnt_plus[9]=0;		level1_cnt_minus[9]=0
FYI: m_iteration_count = 1
FYI: level1 statistics:
     level1_cnt_plus[1]=0;		level1_cnt_minus[1]=0
     level1_cnt_plus[2]=0;		level1_cnt_minus[2]=0
     level1_cnt_plus[3]=0;		level1_cnt_minus[3]=0
     level1_cnt_plus[4]=0;		level1_cnt_minus[4]=0
     level1_cnt_plus[5]=0;		level1_cnt_minus[5]=0
     level1_cnt_plus[6]=0;		level1_cnt_minus[6]=0
     level1_cnt_plus[7]=0;		level1_cnt_minus[7]=0
     level1_cnt_plus[8]=0;		level1_cnt_minus[8]=0
     level1_cnt_plus[9]=0;		level1_cnt_minus[9]=0
FYI: m_iteration_count = 2
FYI: level1 statistics:
     level1_cnt_plus[1]=0;		level1_cnt_minus[1]=0
     level1_cnt_plus[2]=0;		level1_cnt_minus[2]=0
     level1_cnt_plus[3]=0;		level1_cnt_minus[3]=0
     level1_cnt_plus[4]=0;		level1_cnt_minus[4]=0
     level1_cnt_plus[5]=0;		level1_cnt_minus[5]=0
     level1_cnt_plus[6]=0;		level1_cnt_minus[6]=0
     level1_cnt_plus[7]=0;		level1_cnt_minus[7]=0
     level1_cnt_plus[8]=0;		level1_cnt_minus[8]=0
     level1_cnt_plus[9]=0;		level1_cnt_minus[9]=0
FYI: m_iteration_count = 3
FYI: level1 statistics:
     level1_cnt_plus[1]=0;		level1_cnt_minus[1]=0
     level1_cnt_plus[2]=0;		level1_cnt_minus[2]=0
     level1_cnt_plus[3]=0;		level1_cnt_minus[3]=0
     level1_cnt_plus[4]=0;		level1_cnt_minus[4]=0
     level1_cnt_plus[5]=0;		level1_cnt_minus[5]=0
     level1_cnt_plus[6]=0;		level1_cnt_minus[6]=0
     level1_cnt_plus[7]=0;		level1_cnt_minus[7]=0
     level1_cnt_plus[8]=0;		level1_cnt_minus[8]=0
     level1_cnt_plus[9]=0;		level1_cnt_minus[9]=0
FYI: level1 statistics:
     level1_cnt_plus[1]=0;		level1_cnt_minus[1]=0
     level1_cnt_plus[2]=0;		level1_cnt_minus[2]=0
     level1_cnt_plus[3]=0;		level1_cnt_minus[3]=0
     level1_cnt_plus[4]=0;		level1_cnt_minus[4]=0
     level1_cnt_plus[5]=0;		level1_cnt_minus[5]=0
     level1_cnt_plus[6]=0;		level1_cnt_minus[6]=0
     level1_cnt_plus[7]=0;		level1_cnt_minus[7]=0
     level1_cnt_plus[8]=0;		level1_cnt_minus[8]=0
     level1_cnt_plus[9]=0;		level1_cnt_minus[9]=0
	CNarrowChannelRefiner::ChannelsResolution            function_total                0      = 1.27072 sec

-----------------------------------------------------------------------
U-shapes refinement...
Refinement input: 388752 bricks
Refinement result: 388752 bricks (0.524 s)
Collecting and processing rays...OK (0.040 s)
Capturing...OK (0.015 s)
-----------------------------------------------------------------------

-----------------------------------------------------------------------
Equi Distant Refiner:
Equi Distant Refiner takes 0.00 s
-----------------------------------------------------------------------
Building geometry takes 6.549 s
Geometry Fluid.0.
Total		388752
Partial	3008
Fluid		383400
Solid		2344
Bad		0

/-Ray Intersection---------------/ Time	0.008 s
Calls			16727
CorrectRay Calls	0


Building geometry Solid.1.Glass(1)...

-----------------------------------------------------------------------
Refining by triangulation...
Refinement input: 388752 bricks
Refinement result: 388752 bricks (0.095 s)
Refinement input: 388752 bricks
Refinement result: 388752 bricks (0.086 s)
Collecting and processing rays...OK (2.652 s)
Capturing...OK (0.216 s)
Refining by triangulation takes 3.064 s
-----------------------------------------------------------------------
Collecting and processing rays...OK (0.016 s)
Capturing...OK (0.007 s)
Collecting and processing rays...OK (0.021 s)
Capturing...OK (0.007 s)

-----------------------------------------------------------------------
Base mesh 1 Refining...
Refinement input: 388752 bricks
Refinement result: 388752 bricks (0.058 s)
Collecting and processing rays...OK (0.016 s)
Capturing...OK (0.010 s)
-----------------------------------------------------------------------
Building geometry takes 3.301 s
Geometry Solid.1.Glass
Total		388752
Partial	3008
Fluid		2344
Solid		383400
Bad		0

/-Ray Intersection---------------/ Time	0.034 s
Calls			16727
CorrectRay Calls	0


Building geometries takes 9.925 s
-----------------------------------------------------------------------

-----------------------------------------------------------------------
PostBuilding geometries:
PostBuilding geometry Fluid.0.(0)...
Collecting and processing rays...OK (0.020 s)
Capturing...OK (0.007 s)
PostBuilding geometry takes 0.073 s
Geometry Fluid.0.
Total		388752
Partial	3008
Fluid		383400
Solid		2344
Bad		0
PostBuilding geometries takes 0.117 s
-----------------------------------------------------------------------
Defect ray count	0
FYI: CNarrowChannelRefiner::RedistributeLevel1_step_1: is finished
FYI: level1 statistics:
     level1_cnt_plus[1]=0;		level1_cnt_minus[1]=0
     level1_cnt_plus[2]=0;		level1_cnt_minus[2]=0
     level1_cnt_plus[3]=0;		level1_cnt_minus[3]=0
     level1_cnt_plus[4]=0;		level1_cnt_minus[4]=0
     level1_cnt_plus[5]=0;		level1_cnt_minus[5]=0
     level1_cnt_plus[6]=0;		level1_cnt_minus[6]=0
     level1_cnt_plus[7]=0;		level1_cnt_minus[7]=0
     level1_cnt_plus[8]=0;		level1_cnt_minus[8]=0
     level1_cnt_plus[9]=0;		level1_cnt_minus[9]=0
FYI: CNarrowChannelRefiner::RedistributeLevel1_step_2: is started
FYI: CNarrowChannelRefiner::RedistributeLevel1_step_2: is finished
FYI: level1 statistics:
     level1_cnt_plus[1]=0;		level1_cnt_minus[1]=0
     level1_cnt_plus[2]=0;		level1_cnt_minus[2]=0
     level1_cnt_plus[3]=0;		level1_cnt_minus[3]=0
     level1_cnt_plus[4]=0;		level1_cnt_minus[4]=0
     level1_cnt_plus[5]=0;		level1_cnt_minus[5]=0
     level1_cnt_plus[6]=0;		level1_cnt_minus[6]=0
     level1_cnt_plus[7]=0;		level1_cnt_minus[7]=0
     level1_cnt_plus[8]=0;		level1_cnt_minus[8]=0
     level1_cnt_plus[9]=0;		level1_cnt_minus[9]=0
FYI: CNarrowChannelRefiner::RedistributeLevel1_step_3: is started
FYI: CNarrowChannelRefiner::RedistributeLevel1_step_3: is finished
RedistributeLevel1 takes:
	CNarrowChannelRefiner::RedistributeLevel1            function_total                0      = 0.391646 sec
FYI: level1 statistics:
     level1_cnt_plus[1]=0;		level1_cnt_minus[1]=0
     level1_cnt_plus[2]=0;		level1_cnt_minus[2]=0
     level1_cnt_plus[3]=0;		level1_cnt_minus[3]=0
     level1_cnt_plus[4]=0;		level1_cnt_minus[4]=0
     level1_cnt_plus[5]=0;		level1_cnt_minus[5]=0
     level1_cnt_plus[6]=0;		level1_cnt_minus[6]=0
     level1_cnt_plus[7]=0;		level1_cnt_minus[7]=0
     level1_cnt_plus[8]=0;		level1_cnt_minus[8]=0
     level1_cnt_plus[9]=0;		level1_cnt_minus[9]=0
-----------------------------------------------------------------------
BCF-Builder Iteration: 0
Memory Working Set Current = 113.02 Mb, Memory Working Set Peak = 160.87 Mb
Process Threads Number: 13
Loading geometries triangulation & x-stacks...OK
x-stacks size = 1.31 Mb
	Sub-mesh 0:
		Total  brick(s) 101728
		Native brick(s) 97104
		Inner  brick(s) 92480
		Outer  brick(s) 4624
		Ghost  brick(s) 4624
	Sub-mesh 1:
		Total  brick(s) 106568
		Native brick(s) 97272
		Inner  brick(s) 87976
		Outer  brick(s) 9296
		Ghost  brick(s) 9296
	Sub-mesh 2:
		Total  brick(s) 106568
		Native brick(s) 97272
		Inner  brick(s) 87976
		Outer  brick(s) 9296
		Ghost  brick(s) 9296
	Sub-mesh 3:
		Total  brick(s) 101728
		Native brick(s) 97104
		Inner  brick(s) 92480
		Outer  brick(s) 4624
		Ghost  brick(s) 4624
	Total brick(s) 388752

-----------------------------------------------------------------------
MSH (Real Geometry) format constructor:
Getting submesh brick sets...OK (0.058 s)
Level 5
	Inner time 0.001 s
	Outer Time 0.004 s
	Level Time 0.006 s
Level 4
	Inner time 0.001 s
	Outer Time 0.002 s
	Level Time 0.003 s
Level 3
	Inner time 0.001 s
	Outer Time 0.002 s
	Level Time 0.004 s
Level 2
	Inner time 0.040 s
	Outer Time 0.013 s
	Level Time 0.054 s
Level 1
	Inner time 0.034 s
	Outer Time 0.019 s
	Level Time 0.053 s
Level 0
	Inner time 0.886 s
	Outer Time 0.134 s
	Level Time 1.021 s

Brick parser time info:
	3.598 s - time_Run
		0.203 s - time_ConstructPoints
			0.048 s - time_ConstructPointsAddFind2
		0.043 s - time_ConstructPointsAndConnectsFromNb
		0.013 s - time_AddRibConnects
		0.093 s - time_ConstructBrickFacets
			0.026 s - time_CalculateQpoints
				0.005 s - time_AddFacetPoint_GetFacesQpoint
					0.000 s - time_GetFacesQpoint_UShaped
						0.000 s - time_GetFacesQpoint2
					0.000 s - time_GetFacesQpoint_AddEdgesToList
					0.005 s - time_Edge_GetClosestPointOn
					0.001 s - time_Edge_NewtonMethod
					0.000 s - time_GetFacesQpoint_ManyFinds
				0.009 s - time_AddFacetPoint_AddQPoint
					0.015 s - time_PointReverseEvaluate
				0.007 s - time_AddFacetPoint_AddFind2
		0.000 s - time_RemoveOddConnects
		0.031 s - time_TestConnectivity
		0.001 s - time_ValidateXeps
		0.061 s - time_ConstructFaceAs
		0.006 s - time_ConstructCvs
		0.003 s - time_ConstructFaceWs
		0.006 s - time_RealGeomAddQPoints
		0.015 s - time_RealGeomAddNewFaces
		0.001 s - time_RealGeomInitOppositeGeomFaceInd
		0.010 s - time_RealGeomApproxCurveFaces
		0.000 s - time_Enum1
		0.000 s - time_Enum2
		0.001 s - time_RealGeomCheckInvalidConnects
		0.652 s - time_RealGeomParameters
			0.533 s - time_CalculateParametersOfCv
			0.105 s - time_CalculateParametersOfFace
				0.061 s - time_CalculateRR
				0.038 s - time_CalculateRefFaceData
				0.001 s - time_CalculateLambdaProjection
			0.011 s - time_SetFacesOrientation
Result:
	Bricks number:                        388752

	Memory usage:                         4.397 MB
	Memory usage (per brick):             0.012 KB
	Construction time:                    1.343 s

	Topology features:
	------------------
	- High quality bricks                 100.00 % (388752)
	- Medium quality bricks                 0.00 % (0)
	- Bad quality bricks                    0.00 % (0)
	- Ribs corrected bricks                 0.00 % (0)
	- Points with geom-info (bricks)        0.00 % (0)
	- Points with closest-info (bricks)     0.00 % (0)
	- Triangulated by center (bricks)       0.00 % (0)
	- Facet w-faces mergings (bricks)       0.00 % (0)
	- To refine (bricks)                    0.00 % (0)

Memory Working Set Current = 122.90 Mb, Memory Working Set Peak = 160.87 Mb
Process Threads Number: 13
-----------------------------------------------------------------------
-----------------------------------------------------------------------
MSH --> BCF format (Iteration 0)...
BCF collector...
	(3) Bcf collect time 1.063 s (101728 avs, 0 fws)
	(0) Bcf collect time 1.064 s (101728 avs, 0 fws)
	(2) Bcf collect time 1.151 s (108228 avs, 1824 fws)
	(1) Bcf collect time 1.154 s (108228 avs, 1824 fws)
	(1) Remove defect avs time 0.489 s
	(2) Remove defect avs time 0.489 s
	(0) Remove defect avs time 0.489 s
	(3) Remove defect avs time 0.490 s
Defect subdomain detector...
		1 subdomain(s) of gi=0 (real bodies = 1).
			Subdomain 0: 386408 av
		Get real subdoms time 0.002 s
		Mark defect subdomains by closed av...
		Mark by closed av time 0.027 s
		Mark defect subdomains by real bodies...
		0 defect subdomain(s) of gi=0.
		1 subdomain(s) of gi=1 (real bodies = 1).
			Subdomain 0: 5352 av
		Get real subdoms time 0.000 s
		Mark defect subdomains by real bodies...
		0 defect subdomain(s) of gi=1.
	(2) Remove defect subdoms time 0.230 s
	(0) Remove defect subdoms time 0.230 s
	(1) Remove defect subdoms time 0.230 s
	(3) Remove defect subdoms time 0.230 s
NB-faces collector & conservator...
Sub-mesh 0.
	Conservated total=0 (bb-faces=0)
Sub-mesh 1.
	Conservated total=0 (bb-faces=0)
Sub-mesh 2.
	Conservated total=0 (bb-faces=0)
Sub-mesh 3.
	Conservated total=0 (bb-faces=0)
	(3) Bcf calc time 0.086 s
	(0) Bcf calc time 0.088 s
	(1) Bcf calc time 0.098 s
	(2) Bcf calc time 0.104 s
FACE_W optimizer ...
Sub-mesh 0.
	Before optimization total=15232 (fs=0, ff=0, ss=0)
	After  optimization total=15232 (fs=0, ff=0, ss=0)
Sub-mesh 1.
	Before optimization total=17644 (fs=1824, ff=0, ss=0)
	After  optimization total=17644 (fs=1824, ff=0, ss=0)
Sub-mesh 2.
	Before optimization total=17644 (fs=1824, ff=0, ss=0)
	After  optimization total=17644 (fs=1824, ff=0, ss=0)
Sub-mesh 3.
	Before optimization total=15232 (fs=0, ff=0, ss=0)
	After  optimization total=15232 (fs=0, ff=0, ss=0)
-----------------------------------------------------------------------
-----------------------------------------------------------------------
Merging BCF...
Merging bricks trees...OK (0.44 s)
Merging av data...OK (0.16 s)
Merging a-faces data (fluid)...
	New a-face count   1142056
	Bound a-face count 12760 (1.12 %)
Merging a-faces data takes 0.27 s
Merging a-faces data (solid)...
	New a-face count   14492
	Bound a-face count 1316 (9.08 %)
Merging a-faces data takes 0.01 s
Merging w-faces data...
	New w-face count   35424
	Bound w-face count 0 (0.00 %)
	Need fw-nb         3904 (11.02 %)
Merging w-faces data takes 0.08 s
Merging BCF takes (1.23 s)
-----------------------------------------------------------------------

-----------------------------------------------------------------------
Geometrical diagonal nb-faces collector (cpu_num=4)...
	Time=0.213s.
-----------------------------------------------------------------------
Fluid Subdom Constructor: 1 subdom(s).
	Remove nb-fw from diff subdomains (fs)...
		Diff subdomains cases         0
-----------------------------------------------------------------------
Mega-cv constructor for fluid...
	 0 av's is treated as thin
Relative size generator (threshold = 0.05)...OK
	 0 mega-cv's generated
	 0 mega-cv's removed
Convert clusters:
	 0 mega-cv's total
Mega-cv count: 0
-----------------------------------------------------------------------
-----------------------------------------------------------------------
Mega-cv constructor for solid...
Mega-cv count: 0
-----------------------------------------------------------------------
-----------------------------------------------------------------------
Getting sectors:
Number of sectors: 0
-----------------------------------------------------------------------
Mixing plane rotation regions: NO.
Sliding mesh rotation regions: NO.
Fluid/fluid faces: NO.

-----------------------------------------------------------------------
BCF CHECKSUM DATA (Mesh 0):

FACE_A Area Sum:   G.Fluid        54.0895236730216169
FACE_A Area Sum:   G.Solid        0.1623745493280297
FACE_W Area Sum:                  1.5824000000000003
FACE_W Nb   Sum:                  283264
FACE_W min curvatures sum:        -0.00000000
FACE_W max curvatures sum:        0.00000000
AV Max Disbalance: G.Fluid        1.42258e-15 (cid=94350, avid=94340, pid=108)
AV Max Disbalance: G.Solid        6.11057e-15 (cid=94420, avid=386583, pid=161)
BRICK-AV Volume Disbalance:       0 (cid=0)
-----------------------------------------------------------------------


-----------------------------------------------------------------------
MESHER TOPOLOGY DATA (Mesh 0):

BRICKS: Total                 388752
BRICKS: 1-CV                  385744
BRICKS: 2-CV                  3008
BRICKS: Bad                   0

AV:     G.Total               391760
AV:     G.Fluid               386408
AV:     G.Solid               5352

AV:     G.Fluid Thin Profile    0.00 % (0)
AV:     G.Solid Thin Profile    0.00 % (0)

AV:     G.Fluid Thin For Mega   0.00 % (0)
AV:     G.Solid Thin For Mega   0.00 % (0)

AV:     G.Fluid Non-Convex      0.08 % (312)
AV:     G.Solid Non-Convex      0.00 % (0)

FACE_A: G.Fluid          (af) 1142056 (partially opened 6060)
FACE_A: G.Solid          (as) 14492 (partially opened 6053)

FACE_W: G.Total                 35424       Brick/Bound
FACE_W: G.Fluid/Solid    (fs_g) 3328        0           
FACE_W: G.Fluid/Fluid    (ff_g) 0           0           
FACE_W: G.Solid/Solid    (ss_g) 0           0           
FACE_W: G.Fluid/External (fe_g) 32096
FACE_W: G.Solid/External (se_g) 0

AV/CV max fa count (on brick side):4
AV/CV max fw count:                4
AV/CV max fw poly count:           3

MEMORY: Total                   116.778 MB
MEMORY: Per Brick               0.308 KB
-----------------------------------------------------------------------

----------------------------------------------------------
BCF --> BCF.GEOMSUBDOM (bridge arrays) (cpu_num=4):
MESH (0):
	Fluid Subdom Constructor: 1 subdom(s).
	Solid Subdom Constructor: 1 subdom(s).
	Net Asm Subdom Constructor: 0 subdom(s).
	GEOMSUBDOM (0): gi=0 fluid av=386408 cv=386408 fa=1142056 fw=35424 V=1.248800e-01
	GEOMSUBDOM (1): gi=1 solid av=5352 cv=5352 fa=14492 fw=3328 V=1.200000e-04
	Setting nb of w-faces...OK.

MESH (0) checking:
	GEOMSUBDOM (0):fa_s=54.0895236730216169 fw_s=1.5824000000000003 fw_nb=283264
	GEOMSUBDOM (1):fa_s=0.1623745493280296 fw_s=0.0824000000000000 fw_nb=26520
MESH (0) checking: OK.
----------------------------------------------------------
-----------------------------------------------------------------------
Connectivities information:
	Number of conns: 0
-----------------------------------------------------------------------
-----------------------------------------------------------------------
Calculating curvature and tolerance criteria...
Curvature: min=0 max=1.5708
Tolerance: min=0 max=0.000376634
Calculating curvature and tolerance criteria takes 0.036 s
-----------------------------------------------------------------------
Current CPU = 20 sec

Nx=68
Ny=84
Nz=68
Max_RL=2
-----------------CModelBodies2MeshMapper::CollectData started -------------------------------
-----------------CModelBodies2MeshMapper Report -------------------------------
FluidDomains 1 SolidDomains 1 VoidDomains 0 
Domains RefIndexes
Domain 0, Index count 6
Domain 1, Index count 6
----------------- -------------------------------
	ModelBodies
Total resolved Bodies 1 BodySets 1
BodySet 0	Material: Glass
	Bodies list:
			#0	Name: Boss-Extrude1;	ID: a83ac45c-9307-4f73-817f-f063c38e28cf
	Domains list:		 1 

--------------------------------------------------------------------------
	Positive geometry Bodies
Total resolved Bodies 2 BodySets 2
BodySet 0
	Bodies list:
			#0	Name: ;	ID: 74b60406-5cf3-4899-a917-5897eb3b5ad4
	Domains list:		 0 
BodySet 1
	Bodies list:
			#0	Name: ;	ID: 18d0fa07-6836-4c04-ac7a-2db1a37223c3
	Domains list:		 1 

--------------------------------------------------------------------------
	Fluid regions
Total resolved Bodies 1 BodySets 1
BodySet 0	Material: Air; 
	Bodies list:
			#0	Name: ;	ID: 74b60406-5cf3-4899-a917-5897eb3b5ad4
	Domains list:		 0 

--------------------------------------------------------------------------
-----------------CModelBodies2MeshMapper::CollectData finished successfully-------------------
12. Saving initial mesh in: C:\Users\harry\Dropbox\Harry Private\Positron3DPRinterBLDC\CAD  files\BedFlowSim\SW\1\1.fld .
Storing results...
Estimated CPT size=42.493 MB.
OK
Memory Working Set Current = 305.84 Mb, Memory Working Set Peak = 361.12 Mb
Process Threads Number: 13
Cleaning memory...
Free Geometry DB takes 0.002 s
Copying... OK

------------------------------------------------------------------------------------------------------------
CPU report:
Function                                             CPU           descriptor                    nproc     
------------------------------------------------------------------------------------------------------------
GetGeometryFromSW                                    0.259 sec   function_total               
GetGeometryFromSW                                    0.011 sec   InitGeometryTriangles        
CMesh::PrepareMappedTriangles                        0.129 sec   function_total               
SwapGeometries                                       0.143 sec   function_total               
SwapGeometries                                       0.010 sec   function_total               
SwapGeometries                                       0.010 sec   function_total               
SwapGeometries                                       0.013 sec   function_total               
CMesh::PreBuild                                      0.265 sec   function_total               
SetBrickRegion                                       0.280 sec   function_total               
CMesh::Build                                         10.082 sec   function_total               
CMesh::BuildGeometry                                 9.851 sec   function_total               
ActivateAllCellsParameters                           0.177 sec   function_total               
RefineByTriangles                                    7.261 sec   function_total               
CaptureRefined                                       6.718 sec   function_total               
GetMultiRaysIntersections                            0.072 sec   full                         
CRayCollector::CorrectRays2                          4.505 sec   full                         
CRayCollector::CorrectRays2                          3.632 sec   stage_1_collect_undefined_vertices1
RefinePeculiarSurfaces                               0.052 sec   function_total               
CNarrowChannelRefiner::ChannelsResolution            1.271 sec   function_total               
CNarrowChannelRefiner::RefineChannels_PRLL           1.163 sec   function_total               
CNarrowChannelRefiner::GetMainNormals                0.038 sec   function_total               
CNarrowChannelRefiner::GetMainNormals                0.043 sec   function_total               
CNarrowChannelRefiner::facade_bricks_of_brick_dirv   0.054 sec   function_total               
CNarrowChannelRefiner::facade_bricks_of_brick_dirv   0.063 sec   function_total               
CNarrowChannelRefiner::facade_bricks_of_brick_dirv   0.069 sec   function_total               
CNarrowChannelRefiner::facade_bricks_of_brick_dirv   0.053 sec   function_total               
CNarrowChannelRefiner::next_brick_on_ray             0.039 sec   function_total               
CNarrowChannelRefiner::next_brick_on_ray             0.041 sec   function_total               
CNarrowChannelRefiner::next_brick_on_ray             0.053 sec   function_total               
CNarrowChannelRefiner::next_brick_on_ray             0.041 sec   function_total               
CMesh::BuildGeometry                                 0.001 sec   equidistant_refiner          
PostCaptureGeometry                                  0.073 sec   function_total               
CNarrowChannelRefiner::RedistributeLevel1            0.423 sec   function_total               
CTPBuilder::build_bcf                                8.154 sec   function_total               
CTPBuilder::bcf_builder                              5.329 sec   function_total               
LoadTrianglesAndXSL                                  0.030 sec   function_total               
CTPBuilder::collect_msh_format                       1.376 sec   function_total               
CTPBuilder::Run                                      1.982 sec   bcf_collect                  
CTPBuilder::Run                                      1.875 sec   bcf_merge                    
CTPBuilder::build_bcf                                0.685 sec   collect_mega_cv              
CTPBuilder::build_bcf                                1.828 sec   convert_to_mds_function      
CTPBuilder::build_bcf                                0.002 sec   sector_periodicity           
CMesh::CalculateCurvatureAndToleranceCriteria        0.037 sec   function_total               
main_capture                                         0.009 sec   bodies_2_mesh_mapper         
Store_Res_2                                          2.931 sec   function_total               
Freemem_CPT                                          0.767 sec   function_total               
------------------------------------------------------------------------------------------------------------

Mesh generation normally finished at	15.8.2022	11:56:34
Mesher CPU = 24 sec
Mesher is finished at	15.8.2022	11:56:34
Log ended at 15.8.2022	11:56:34
