Log started at 15.8.2022	11:56:34
Number of used processors (NPROC): 4.
Number of mesh partitions (NPART): 4.
Computer name:	DESKTOP-HHFVBHF
Operating system:	Windows 10 (or higher) (Version 10.0.22000)
Total Physical Memory = 7.92 Gb, Available Physical Memory = 1.31 Gb
Memory Working Set Current = 46.04 Mb, Memory Working Set Peak = 361.12 Mb
CPU:	GenuineIntel, Stepping ID = 9, Model = 14, Family = 6, Extended model = 8, MMX SSE SSE2 Hyper-Threading Technology SSE3
CPU Brand String: Intel(R) Core(TM) i7-7660U CPU @ 2.50GHz
Cache Line Size = 64, L2 Associativity = 6, Cache Size = 256K
Number of cores: 4, Processor type: 8664, Active processor mask: 15, Page size: 4096 bites
std::thread::hardware_concurrency = 4
OpenMP enabled (spec=200203). max_threads = 4, num_procs = 4, num_threads = 4.

SOLIDWORKS 2018 SP0.1
C:\Users\harry\Dropbox\Harry Private\Positron3DPRinterBLDC\CAD  files\BedFlowSim\SW\1\1.fld
Configuration name:	Default
Project name:	85c isothermal natural convection
/*******************************************/
/*         Project Summary                 */
/*******************************************/
Problem type:						external
Result resolution:					7
Minimum gap size:					0.003
Minimum wall thickness:				0.003
Manual refinement:					Off
Solid refinement:					Off
Fluid substances count				1

		Advanced capabilities
Heat transfer						On
Transient						Off
Gravitation						On
Laminar flow						Off
Compressibility					Off
Number of solid substances			1
Roughness:						0

************************************************

Geometry database loading ...OK
Flow Simulation 2018  x64 / 3996 / SOLVER ver. efd_17_0.3939_11.07.2017+FreeSurface_3.8.2 
BRANCH: efd_17_0.3996_06.09.2017



STATIONARY


LAM-BREMHORST K-EPSILON TURBULENCE MODEL
EXTERNAL=0  CHT=1  FROZEN=0  P_REF=1  RADIATION=1  HVAC_COMFORT_PARAMETERS=0
-----------------------------------------------------------------------
Allocating meshes:
	CPU count: 4
	MESH 0:
		Sub-meshes count: 4
-----------------------------------------------------------------------
Memory Status before reading BCF:
Memory Working Set Current = 51.98 Mb, Memory Working Set Peak = 361.12 Mb
Process Threads Number: 17

-----------------------------------------------------------------------
BCF CHECKSUM DATA (Mesh 0):

FACE_A Area Sum:   G.Fluid        54.0895236730216169
FACE_A Area Sum:   G.Solid        0.1623745493280297
FACE_W Area Sum:                  1.5824000000000003
FACE_W Nb   Sum:                  283264
FACE_W min curvatures sum:        -0.00000000
FACE_W max curvatures sum:        0.00000000
AV Max Disbalance: G.Fluid        1.42258e-15 (cid=94350, avid=94340, pid=108)
AV Max Disbalance: G.Solid        6.11057e-15 (cid=94420, avid=386583, pid=161)
BRICK-AV Volume Disbalance:       0 (cid=0)
-----------------------------------------------------------------------


-----------------------------------------------------------------------
MESHER TOPOLOGY DATA (Mesh 0):

BRICKS: Total                 388752
BRICKS: 1-CV                  385744
BRICKS: 2-CV                  3008
BRICKS: Bad                   0

AV:     G.Total               391760
AV:     G.Fluid               386408
AV:     G.Solid               5352

AV:     G.Fluid Thin Profile    0.00 % (0)
AV:     G.Solid Thin Profile    0.00 % (0)

AV:     G.Fluid Thin For Mega   0.00 % (0)
AV:     G.Solid Thin For Mega   0.00 % (0)

AV:     G.Fluid Non-Convex      0.08 % (312)
AV:     G.Solid Non-Convex      0.00 % (0)

FACE_A: G.Fluid          (af) 1142056 (partially opened 6060)
FACE_A: G.Solid          (as) 14492 (partially opened 6053)

FACE_W: G.Total                 35424       Brick/Bound
FACE_W: G.Fluid/Solid    (fs_g) 3328        0           
FACE_W: G.Fluid/Fluid    (ff_g) 0           0           
FACE_W: G.Solid/Solid    (ss_g) 0           0           
FACE_W: G.Fluid/External (fe_g) 32096
FACE_W: G.Solid/External (se_g) 0

AV/CV max fa count (on brick side):4
AV/CV max fw count:                4
AV/CV max fw poly count:           3

MEMORY: Total                   116.778 MB
MEMORY: Per Brick               0.308 KB
-----------------------------------------------------------------------

----------------------------------------------------------
BCF --> BCF.GEOMSUBDOM (bridge arrays) (cpu_num=4):
MESH (0):
	Fluid Subdom Constructor: 1 subdom(s).
	Solid Subdom Constructor: 1 subdom(s).
	Net Asm Subdom Constructor: 0 subdom(s).
	GEOMSUBDOM (0): gi=0 fluid av=386408 cv=386408 fa=1142056 fw=35424 V=1.248800e-01
	GEOMSUBDOM (1): gi=1 solid av=5352 cv=5352 fa=14492 fw=3328 V=1.200000e-04
	Setting nb of w-faces...OK.

MESH (0) checking:
	GEOMSUBDOM (0):fa_s=54.0895236730216169 fw_s=1.5824000000000003 fw_nb=283264
	GEOMSUBDOM (1):fa_s=0.1623745493280296 fw_s=0.0824000000000000 fw_nb=26520
MESH (0) checking: OK.
----------------------------------------------------------
Memory Status after reading BCF:
Memory Working Set Current = 248.14 Mb, Memory Working Set Peak = 361.12 Mb
Process Threads Number: 17
Total read CPT took 5.07 sec.
MESH::Bricks: Total=388752 Gas=383400 Solid=2344 Partial=3008 Irregular=0

-----------------------------------------------------------------------
Mesh dimensions:
				I[0 ]=68
				I[1 ]=84
				I[2 ]=68
Solver refinement level	I[47]=0

Comp. domain size:
				a[0  ]=-0.25
				a[1  ]=0.25
				a[2  ]=-0.25
				a[3  ]=0.25
				a[4  ]=-0.25
				a[5  ]=0.25
Wall thickness		a[231]=0
Gap size			a[232]=1
-----------------------------------------------------------------------
Gravity vector:
				gx(a[234])=0
				gy(a[235])=-9.81
				gz(a[236])=0
-----------------------------------------------------------------------
Preparing for calculations started at	15.8.2022	11:56:40
slv_max_lev=0
CD X0= -0.25, X1= 0.25, Y0= -0.25, Y1= 0.25, Z0= -0.25, Z1= 0.25
Collecting Reference Parameters... OK
-----------------------------------------------------------------------
CV statisticks for fluid...
	CV number:         386408
	FACE_A max number: 12
	FACE_W max number: 3
-----------------------------------------------------------------------
-----------------------------------------------------------------------
CV statisticks for solid...
	CV number:         5352
	FACE_A max number: 12
	FACE_W max number: 3
-----------------------------------------------------------------------
Update time step in solids: STATIONARY IN SOLIDS
Update Use 1st order approx in solids: 2nd_order IN SOLIDS
FLUID SUBDOMAIN   0 LC =1 LAMTURB=1 NONNEWTON=0  STEAM=0  CAVITATION=0 IT=6 NT=2 NC=1 U_DIM_EXT=15

===ThermodynamicsHolder:===
Subdom 0 Ideal gas thermodynamics
	substance 0 type=fwGas, guid=2B966F4A9A9F11D4A50048A0E8000000, name=Air
===ThermodynamicsHolder:===
Memory allocation for matrix entries in solver is block-wise,
( size of block = 1048576 bytes (1Mb) ).

There is 1 subdomain in solid:
subdomain 0: 5352 control volumes

128 parameter(s) in list of scalar parameters
6 parameter(s) in list of vector parameters
-----------------------------------------------------------------------
Loading mesh settings (global/local/SAR)...
Setting regions...
Setting regions takes 0.008 s
-----------------------------------------------------------------------

CollectIndata: Initialize stored in U[] parameters (pressure,momentum,dens,..)... OK(CPU=1.070 s)

THERMODYNAMICS: Initialize stored in U[] parameters (T,Cp,Pr,..)
                and switch to Y-shifted Total Enthalpy:
OK: U[] is initialized.

Collect Body BC...OK
Collect Fans...OK
Collect Surface Sources...OK
 Collect radiation faces... OK
Collect Contact resistance BC...OK
Collect Perforated plates BC...OK
Collect Electric contact BC...OK
Collect Surface Goals...
Received 6 wall face(s) and 0 virtual face(s)...
 OK
Total CPU time 3 s
Collect Unused surface area...OK
MWS estimation...
Subdomain number =   0 V_indata_max =          0, v_max_from_mf_on_BC =           0, v_max_from_pressure_opening =           0, MWS =   0.247614 Ref. Pressure =  101325

There is 1 subdomain in fluid:
subdomain   0: LOW COMPRESSIBLE, MONOTONIC H,  386408 CVs, LAMINAR-TURBULENT TRANSITION
NPROC = 4, nested_parallelization = 0
NPART = 4
-----------------------------------------------------------------------
Geometries initialization:
Number of geometries: 2
Geometry(0):
	Fluid..
	1 Body.
	1 Real body.
	Tolerance=1.5e-06.
	6 Face(s).
		6 of b-spline type.
	12 Triangle(s).
	6 Face(s) that have no ref faces
	6 Plane surface(s).
	12 Edge(s).
		12 of b-spline type.
	Geometry reading: 0.005 s.
	6 Reference Face(s).
	12 Reference Triangles.
	GeometryRef reading: 0.000 s.
Geometry(1):
	Solid.Glass.
	1 Body.
	1 Real body.
	Tolerance=1.5e-06.
	12 Face(s).
		12 of b-spline type.
	24 Triangle(s).
	0 Face(s) that have no ref faces
	12 Plane surface(s).
	24 Edge(s).
		24 of b-spline type.
	Geometry reading: 0.002 s.
	6 Reference Face(s).
	12 Reference Triangles.
	GeometryRef reading: 0.000 s.
	Making hash and connectivity for geometry 0...
		CBodyGeom:
		Hash size: {68, 84, 68}.
		Mesh size: {68, 84, 68}.
		Hashing triangles...Ok.
		Making triangles connectivity...Ok. (0.000 s).
		Neighbour triangles: 100.00 % (good connect) - 0.00 % (bad connect). Min: 3. Max: 3.
		Done.
		CBodyGeomRef:
		Hashing triangles...Ok.
		Making triangles connectivity...Ok. (0.000 s).
		Neighbour triangles: Min: 1. Max: 1.
		Done.
	1.658 s.
	Making hash and connectivity for geometry 1...
		CBodyGeom:
		Hash size: {68, 84, 68}.
		Mesh size: {68, 84, 68}.
		Hashing triangles...Ok.
		Making triangles connectivity...Ok. (0.000 s).
		Neighbour triangles: 100.00 % (good connect) - 0.00 % (bad connect). Min: 3. Max: 3.
		Done.
		CBodyGeomRef:
		Hashing triangles...Ok.
		Making triangles connectivity...Ok. (0.000 s).
		Neighbour triangles: Min: 1. Max: 1.
		Done.
	1.935 s.
Geometries reading and preparing has taken 1.951 s.
-----------------------------------------------------------------------

Free Geometry DB takes 0.000 s
Calculate gap size: 
	Min gap size       1.500000e-01 (fid=1604)
	Max gap size       2.500000e-01 (fid=318)
	Enlarged by r_d_cv 0
Calculate wall distance: initialization -> real wall faces = 3328 
	geomsd(0) min=7.344778e-04 (nav=87058), max=3.170554e-01 (nav=379989)
GapSize + WallDist time = 7.600 s

/-----------------------------------------------------------/
SOLVER TOPOLOGY DATA:

BRICKS: |level1| sum         0

CV:     Total               391760
CV:     Fluid               386408
CV:     Solid               5352

CV:     G.Fluid Thin Profile    0.00 % (0)
CV:     G.Solid Thin Profile    0.00 % (0)

CV:     G.Fluid Non-Convex      0.08 % (312)
CV:     G.Solid Non-Convex      0.00 % (0)

FACE_A: Fluid          (af) 1142056
FACE_A: Max number placed on a brick-face in cv: 4
FACE_A: Solid          (as) 14492

FACE_W: Total               35424
FACE_W: Fluid/Solid    (fs) 3328
FACE_W: Fluid/Fluid    (ff) 0
FACE_W: Solid/Solid    (ss) 0
FACE_W: Opening BC               (fo)  32096
FACE_W: Fluid/Bound              (fw)  35424
FACE_W: Solid/Bound              (sw)  3328
FACE_W: Fluid/Bound Real Wall    (frw) 3328
FACE_W: Solid/Bound Real Wall    (srw) 3328
FACE_W: Max number placed in cv: 3
Fluid:
CV Max Disbalance:                1.42258e-15 (ncv=87105)
Solid:
CV Max Disbalance:                6.11057e-15 (ncv=2150)
/-----------------------------------------------------------/

LOG: EQN_3M[0]=1 
LOG: HYBRID[0]=0 
  nsd=  0: min rho=1.20371, var Kin E=7.38022
Create solver core
 MDS: Converting solver problem ...
MDS: OK
slv : Calculations at run start
slv : Create sub-domains supervisors:
slv : 	1 fluid
slv : 	1 solid
slv : Create sub-domains mesh connectivity supervisors:
slv : Collect slices by phenomena...
slv : 	fluid flow slices were created:	1
slv : 	heat transfer slices were created:	2
slv : 	electric current flow slices were created:	0
slv : 	radiation slices were created:	2
slv : Creating meshes proxies for multigrid...
slv : Convert MESH[0] to multigrid mesh proxy...
slv : 388752 bricks are accounted by implicit methods(100% of total)
slv : max tree bricks count = 22
alg : MG: create topological coarsening...
alg : Mesh 0  OK
slv : Building views for fluid flow...
slv : 1 views are created
slv : Building fluid flow views schemes...
slv : View   0: Implicit scheme in fluid
slv : Building views for heat transfer...
slv : 2 views are created
slv : Building heat transfer views schemes...
slv : Building electric current flow views schemes...
slv : Building views for radiation...
slv : 1 radiation view is created
slv : PrecalcAtStart views for fluid flow...
=== Fluid sub-domain nsd=0 ========================
Pre-calculations at run start, Implicit Scheme:
Sub-domain is External

MARK CVs and A-FACEs WITH/NEAR GEOMETRICAL PECULIARITIES:

  A-faces degraded to CUp_1st and Upwind_1st: 752 (0.0658462% of all a-faces)
    (by  curved & encumbered : 752 (0.0658462% of all a-faces)),
    (by  l- or r-cv is small : 0 (0% of all a-faces)),
    (by  l- or r-cv is triple: 0 (0% of all a-faces)).
    (THRESHOLD_ENCUMBERED_AREA = 0.333, THRESHOLD_ANGLE_SURFACE = 15, THRESHOLD_ANGLE_CVs = 70).
  Skip turbulence generating sources in partial cvs = 312 (0.0807437% of all cvs, 0.911428% of partial cvs),    (by  presence of degraded to CUp_1st a-faces)
  Skip  P WALL APPROX  on w-faces = 361 (1.01908% of fluid wall w-faces),
  Skip  P WALL ROTATE  in partial cvs = 1528 (0.395437% of all cvs, 4.46366% of partial cvs),
    (by  presence of degraded to CUp_1st a-faces = 664)
    (by  curvature condition = 1176),
    (by  MEGA G-TYPE condition = 0),
    (THRESHOLD_ANGLE_PWALL = 47).
  A-faces placed opposite External boundary with Symmetry BC: N_face_ns=0 (0%)
BC re-definition: Real Wall to Ideal Wall: 0 w-faces
mgl = 31 size = 386408
mgl = 30 size =  48600
mgl = 29 size =   6134
mgl = 28 size =    918

mgl = 31 size = 386408
mgl = 30 size =  48600
mgl = 29 size =   6134

mgl = 31 size = 386408
mgl = 30 size =  48600
mgl = 29 size =   6134

CreateGrOperatorsPortraits: CVs with extended (3D) portrait / total CVs = 0 / 386408 (0.000%).
mgl = 31 size = 386408
mgl = 30 size =  48600
mgl = 29 size =   6134

slv : PrecalcAtStart views for heat transfer...
Creating view scheme...
mgl = 31 size = 386408
mgl = 30 size =  48600
mgl = 29 size =   6134

1 heat transfer algebraic views are created
Laplacian approximations statisticks:
	Number of open faces        :14492
	N of computed(stored) approximations:224
	2-point approximations    : 98.5 %
	Thin profile approximations :  0.0 %

Creating view scheme...
mgl = 31 size = 5352
mgl = 30 size =  704

1 heat transfer algebraic views are created
slv : PrecalcAtStart views for electric current flow...
slv : PrecalcAtStart views for radiation...

Re-define MWS=max(mws_sd) and P_ref=averaged(P_ref_sd) over fluid-flow sub-domains in view:
nsd=  0: mws=0.24761361028829     , P_ref=101325               
slv : ------------ Start of Preliminary step at Calculation start ------------
Preparing DTRM radiation...
Rad_a[0] = 1.000000
Rad_a[1] = 12.000000
Rad_a[2] = 3.000000
Rad_a[3] = 2.000000
Rad_a[4] = 0.000001
Rad_a[5] = 100.000000
Rad_a[6] = 0.500000
Rad_a[7] = 4.000000
Rad_a[8] = 0.700000
Rad_a[9] = 0.210000
Rad_a[10] = 1.000000
Rad_a[11] = 0.010000
Rad_a[12] = 0.500000
Rad_a[13] = 5.000000
Rad_a[14] = 0.050000
Rad_a[15] = 1.000000
Rad_a[16] = 0.000000
Rad_a[17] = 0.000000
Rad_a[18] = 0.000000
Rad_a[19] = 0.000000
Rad_a[20] = 0.000000
Rad_a[21] = 0.000000
Rad_a[22] = 0.000000
Rad_a[23] = 0.000000
Rad_a[24] = 0.000000
Rad_a[25] = 0.000000
Rad_a[26] = 0.000000
Rad_a[27] = 0.000000
Rad_a[28] = 0.000000
Rad_a[29] = 0.000000
Refraction for transparent solids is taken into account
Material(0): Glass, n = 1, absorption: 0
Radiation BC(0): Specularity 0, Gaussian Fraction 0, Gaussian sigma 0, Thermal and Solar: Thermal epsilon: <dependency on temperature>. Solar epsilon: <dependency on temperature>
Radiation BC(1): Specularity 0, Gaussian Fraction 0, Gaussian sigma 0, Thermal and Solar: Thermal epsilon: 1. Solar epsilon: 1
Global environment radiation: Spectrum: BlackBody T = 293.2 
Solar sources angular diameter = 0.009308
UVGI response curve: 3.30795e-31
Collecting fluid volumes... 6 volumes. OK(CPU=0.63s)
Number of CVs in scope(0) = 386408
Created 1 scope(s)
Creating clusters for scope 0...
RADIATION: Cluster maxS/minS = 191.529050
faces per cluster destribution: 2752 264 16 0
RADIATION: 35424 faces in scope; 3032 real clusters; 3033 total clusters
Preparing radiation OK(CPU=1.354 s)
startup Radiation took 1.362 s
View 1(0) T_solid:min(solid,ncvloc=      0,sd_id=  1) = 293.2                max(solid,ncvloc=      0,sd_id=  1) = 293.2                
slv : Global T_solid:min(solid,ncvloc=      0,sd_id=  1) = 293.2                max(solid,ncvloc=      0,sd_id=  1) = 293.2                
slv : Fluid subdom(new) 0
slv : P static (new)                 : min( 284730) = 101322.12770138      , max(      0) = 101327.87108068      
slv : P_static - Rho*g*h (new)       : min(  87054) = 101325               , max( 284730) = 101325.00004071      
slv : Density (new)                  : min( 284730) = 1.2036715021845      , max(      0) = 1.2037397315253      
slv : Velocity (new)                 : min(      0) = 0                    , max(      0) = 0                    
slv : Mach number (new)              : min(      0) = 0                    , max(      0) = 0                    
slv : Turbulent k (new)              : min(      0) = 1.5e-06              , max(      0) = 1.5e-06              
slv : Turbulent e (new)              : min(      0) = 1.0062305898749e-05  , max(      0) = 1.0062305898749e-05  
slv : Temperature (new)              : min(      0) = 293.2                , max(      0) = 293.2                
slv : Total enthalpy, Y-shifted (new): min(      0) = 1.4854595065117e-06  , max(      0) = 1.4854595065117e-06  
slv : ------------ End of Preliminary step at Calculation start ------------

----------------------------------------------------------
BCF checking (solver)...
----------------------------------------------------------

Estimated cfld size=79.30 Mb
Writing cfld file "C:\Users\harry\Dropbox\Harry Private\Positron3DPRinterBLDC\CAD  files\BedFlowSim\SW\1\cfl3C67.tmp"...
FILE SAVED: cfl3C67.tmp. Total save cfld took 0.38 sec.
real cfld size=6.37 Mb
CCFLDFileManager::MergeCFLDToCPT: FILE COPIED : "C:\Users\harry\Dropbox\Harry Private\Positron3DPRinterBLDC\CAD  files\BedFlowSim\SW\1\1.cpt" -> "C:\Users\harry\Dropbox\Harry Private\Positron3DPRinterBLDC\CAD  files\BedFlowSim\SW\1\1.cpt.lock"
CCFLDFileManager::MergeCFLDToCPT: FILE MERGED : "C:\Users\harry\Dropbox\Harry Private\Positron3DPRinterBLDC\CAD  files\BedFlowSim\SW\1\cfl3C67.tmp" -> "C:\Users\harry\Dropbox\Harry Private\Positron3DPRinterBLDC\CAD  files\BedFlowSim\SW\1\1.cpt.lock"
CCFLDFileManager::MergeCFLDToCPT: FILE RENAMED: "C:\Users\harry\Dropbox\Harry Private\Positron3DPRinterBLDC\CAD  files\BedFlowSim\SW\1\1.cpt.lock" -> "C:\Users\harry\Dropbox\Harry Private\Positron3DPRinterBLDC\CAD  files\BedFlowSim\SW\1\1.cpt"
CCFLDFileManager::MergeCFLDToCPT: FILE REMOVED: "C:\Users\harry\Dropbox\Harry Private\Positron3DPRinterBLDC\CAD  files\BedFlowSim\SW\1\cfl3C67.tmp"
OK
Estimated fld size=55.92 Mb
Writing fld file "C:\Users\harry\Dropbox\Harry Private\Positron3DPRinterBLDC\CAD  files\BedFlowSim\SW\1\r_000000.fld"...
FILE SAVED: r_000000.fld. Total save fld took 1.02 sec.
real fld size=13.85 Mb
OK
Init simple interpolator... OK (2.961 sec)
BC 'Real Wall 1' is on 3328 faces (AS area=0.0824, CAD area=0.0824, difference=-0.0%)
Radiation BC 'Radiative Surface 1' is on 3328 faces (AS area=0.0824, CAD area=0.0824, difference=-0.0%)
Surface goal 'SG Min Heat Transfer Coefficient 1' is on 6656 faces
Surface goal 'SG Av Heat Transfer Coefficient 1' is on 6656 faces
Surface goal 'SG Max Heat Transfer Coefficient 1' is on 6656 faces
Surface goal 'SG Heat Transfer Rate 1' is on 6656 faces

Preview parameters:
	Density (Fluid)
	Density (Solid)
	Pressure
	Temperature
	Temperature (Fluid)
	Temperature (Solid)
	Velocity
	Velocity (X)
	Velocity (Y)
	Velocity (Z)
	Mach Number
	Dynamic Pressure
	Total Pressure
	Dynamic Viscosity
	Prandtl Number
	Solid Thermal Conductivity (X)
	Solid Thermal Conductivity (Y)
	Solid Thermal Conductivity (Z)
	Sonic Speed
	Specific Heat (Cp)
	Stagnation Density
	Heat Flux
	Heat Flux (X)
	Heat Flux (Y)
	Heat Flux (Z)
	Overheat above Melting Temperature
	Total Enthalpy
	Total Temperature
	Turbulence Intensity
	Turbulence Length
	Turbulent Dissipation
	Turbulent Energy
	Turbulent Time
	Turbulent Viscosity
	Acoustic Power
	Acoustic Power Level
36 parameter(s) in preview list of parameters

Calculation started at	15.8.2022	11:57:6
Total CPU time 26 s
//-------------------------Fast mass flow--------------------//

================== Tstep=0 ===================
Boundary layer settings:
	Separation tau    on
	Enable 3D effects on
BL MODEL         	Ignore compressibility  off
	BL on porous body  off
	Separ. tau corr factor 0
	Separ. tau kappa 0.1
	Separ. tau KV0 0.1
	Max hn for engineering models 7
------------------------
NumerCore CHT-start settings:
	Min typical size					1
	Zero vel ht factor				0.006
	C_mju_turb_min                   0.01
	Threshold value for K-E filter   0.0049984
	C_mju                            0.09
	C_eps1                           1.44
	C_eps2                           1.92
	Sigma_k                          1
	Sigma_eps                        1.3
	Sigma_c                          0.9
	Approx mode                      1st order
-------------
NumCoreFESSettings:
	Maximum possible Mach	0
	Turbulent Prandtl		0.9
-------------
slv : Implicit schemes in fluid settings:
slv : INPR	: rel_resid=0.00790569
slv : BACKGROUND	: rel_resid=0.00790569
slv : DVGR	: rel_resid=0.00790569
slv : MOMENTUM	: rel_resid=0.00790569
slv : CHT	: rel_resid=0.00790569
slv : Y_TD	: rel_resid=0.00790569
slv : Y_TURB	: rel_resid=0.00790569
slv : LMA	: rel_resid=0.00790569
slv : UVGI	: rel_resid=0.00790569
slv : NOx	: rel_resid=0.00790569
slv : VOL_FRAC_IM_PHASE	: rel_resid=0.00790569
slv : (null)	: rel_resid=0.00790569
slv : Disable wall motion impact into H threshold=10
slv : Relax par ring =0.05
slv : Isothermal cavitation CF corrector = 1
slv : Isothermal cavitation pseudo transient corrector = -1
slv : Isothermal cavitation forced time step in cavitated regions = -1
slv : force_free_surface_VOF = -1
slv : MGC_TE_ENHANCED = 0
slv : ---------------------------------------
------Solid settings---
Approximation mode = 2'nd order && thin_profiles
Solid temperature eps_abs scaling factor: 0.001
number dofs per absorptive face: 9
subgrid ratio: 0.500000
Blink filter: disabled
------------------------------
slv : Iterations settings:
slv : Max number of outer iter = 1
slv : Max number of Mass&Energy iter = 1
slv : Max Courant factor = 10
slv : Conservation laws tolerance residuals:
slv : 	MASS	0.005
slv : 	MOMENTUM	0.005
slv : 	ENERGY	0.005
slv : 	SPECIES	0.005
slv : 	TURBULENCE	0.005
slv : ---------------------------------------
slv : Scheme blocks settings:
slv : INPR	: stop_crit=residAbs_AND_residRel 
slv : BACKGROUND	: stop_crit=residAbs_AND_residRel 
slv : DVGR	: stop_crit=residAbs_AND_residRel 
slv : MOMENTUM	: stop_crit=residAbs_AND_residRel 
slv : CHT	: stop_crit=residAbs_AND_residRel 
slv : Y_TD	: stop_crit=residAbs_AND_residRel 
slv : Y_TURB	: stop_crit=residAbs_AND_residRel 
slv : LMA	: stop_crit=residAbs_AND_residRel 
slv : UVGI	: stop_crit=residAbs_AND_residRel 
slv : NOx	: stop_crit=residAbs_AND_residRel 
slv : VOL_FRAC_IM_PHASE	: stop_crit=residAbs_AND_residRel 
slv : (null)	: stop_crit=residAbs_AND_residRel 
slv : ---------------------------------------
Accuracy scale coeff =1
 fluid-flow view[  0]: rho_ref_grav_averaged_in_view = 1.2037056240892       
  MWS[  0]=0.247608
dt: nsd =   0 min dt/dtG(nCV=  87062)=0.25 , max dt/dtG(nCV=      0)=4.5    , dtG=0.00197079
Flow alg-view 0 in phis-view 0 isn't Neumann (not Phase Change treating)
slv : SolveBG stage
Calculation_Mf nsd =   0: maximum value of div(momentum) (ncv=      0) =0                    
Flow alg-view 0 is not Neumann (not for Phase Change + Nested Iters)
+----+----+--------------+--------------+--------------+--------------+--------------+------+----+-+-+--+------+
|Name|view| Initial res  | Initial resL1| Target res   | Final res    | Final res L1 |Visits|Iter|R|F|CL|Status|
+----+----+--------------+--------------+--------------+--------------+--------------+------+----+-+-+--+------+
| BG |   0|  0.000000e+00|  0.000000e+00|  0.000000e+00|  0.000000e+00|  0.000000e+00|     1|   3|0|y|29|  OK  |
Calculation_Mf nsd =   0: maximum value of div(momentum) (ncv=      0) =0                    
	norm_L2 of div(momentum) =0                    
Flow alg-view 0 in phis-view 0 isn't Neumann (not Phase Change treating)
dt: nsd =   0 min dt/dtG(nCV=  87062)=0.25 , max dt/dtG(nCV=      0)=4.5    , dtG=0.00197079
nsd =   0 Conv_fw[] is skipped for 33080 w-faces
slv : SolveBL stage
|nsd|Real WF|NormalF|Cycle F|CriticF| EdgeF |CyclBrF|ExtParF|RWFnumSt|StLvlNum|  nfw  |  alp_U_min  |  nfw  |  alp_U_max  |  nfw  |  alp_T_min  |  nfw  |  alp_T_max  |  nfw  |  BL_s_min   |  nfw  |   BL_s_max  |
|  0|   3328|      0|      0|   2696|    632|      0|      0|    3328|       1|   9659|0.00777447   |  14196|0.0494561    |   9659|13.317       |  14185|109.559      |   6912|0            |   6912|0            |
LOG nsd = 0: numb_of_convergent=0, numb_of_divergent=1
Calculation_Mf nsd =   0: maximum value of div(momentum) (ncv=      0) =0                    
	norm_L2 of div(momentum) =0                    
slv : Solve3M stage
+----+----+--------------+--------------+--------------+--------------+--------------+------+----+-+-+--+------+
|Name|view| Initial res  | Initial resL1| Target res   | Final res    | Final res L1 |Visits|Iter|R|F|CL|Status|
+----+----+--------------+--------------+--------------+--------------+--------------+------+----+-+-+--+------+
| 3M |   0|  2.712499e-19|  6.854743e-08|  5.085936e-23|  3.917510e-34|  4.121333e-15|     1|   3|0|n|28|  OK  |
Velocity (predicted):
        (local) sd   0: min( 118976)=3.2187410121904e-12  , max( 284728)=6.67452768623e-08    
slv : 
slv : NUMBER OF INNER ITERATIONS = 1
slv : 
slv : SolveDvGr stage
Flow alg-view 0 is not Neumann (not for Phase Change + Nested Iters)
+----+----+--------------+--------------+--------------+--------------+--------------+------+----+-+-+--+------+
|Name|view| Initial res  | Initial resL1| Target res   | Final res    | Final res L1 |Visits|Iter|R|F|CL|Status|
+----+----+--------------+--------------+--------------+--------------+--------------+------+----+-+-+--+------+
|DVGR|   0|  1.527610e-19|  4.369981e-08|  9.547561e-24|  7.809729e-24|  3.844012e-10|    11|  33|0|n|29|  OK  |
PRESSURE SOLVER(geom_index=  0): sum_C_dp=2.15974e-16
Calculation_Mf nsd =   0: maximum value of div(momentum) (ncv= 284730) =3.248979666134e-12   
	norm_L2 of div(momentum) =2.6598221734418e-11  
slv : SolveYTd stage
slv : SolveRadiation stage
*** BEGIN RADIATION INFO
solver it per radiation=1, m=3, n=12
1 Radiation geometries
begin statistics for geometry 0
1 scope(s)

begin statistics for scope 0 (outer bound)
Total clusters=3033, Real clusters=3032
Wall clusters=3032
Opening clusters=0
Absorb clusters=0
Solar opening clusters=0
Ambient clusters=0
Outer cluster=1
Solar cluster=0
Void faces=32096
Reflect faces=0
Outer boundary cluster present
traced rays=0, bad rays=0
Band info: 1 band(s)
*** END RADIATION INFO
RADIATION: Tracing rays... Ray tracing in 303 tasks
75800 rays. OK.
RADIATION: filtering bad clusters...  3032 filter candidates; 3032 filtered
Calculating radiation equations in 1 threads
Smoother time = 0.006 s
RADIATION: energy delta(surface) = 39.8069W, energy delta(volume) = 0W
Radiation took 0.328 s
slv : SolveCHT stage
+----+----+--------------+--------------+--------------+--------------+--------------+------+----+-+-+--+------+
|Name|view| Initial res  | Initial resL1| Target res   | Final res    | Final res L1 |Visits|Iter|R|F|CL|Status|
+----+----+--------------+--------------+--------------+--------------+--------------+------+----+-+-+--+------+
|CHT |   0|  8.368130e+00|  1.450147e+02|  7.488988e-09|  3.581409e-26|  7.894035e-13|     1|   9|0|n|29|  OK  |
+----+----+--------------+--------------+--------------+--------------+--------------+------+----+-+-+--+------+
|Name|view| Initial res  | Initial resL1| Target res   | Final res    | Final res L1 |Visits|Iter|R|F|CL|Status|
+----+----+--------------+--------------+--------------+--------------+--------------+------+----+-+-+--+------+
|CHT |   1|  5.172651e+07|  3.576733e+05|  3.027842e-09|  1.068890e-11|  2.557944e-05|     4|  36|0|n|30|  OK  |
slv : SolveYTurb stage
+----+----+--------------+--------------+--------------+--------------+--------------+------+----+-+-+--+------+
|Name|view| Initial res  | Initial resL1| Target res   | Final res    | Final res L1 |Visits|Iter|R|F|CL|Status|
+----+----+--------------+--------------+--------------+--------------+--------------+------+----+-+-+--+------+
|turb|   0|  1.579111e-17|  1.633422e-06|  9.869442e-22|  9.811629e-43|  9.958691e-20|     1|   6|0|n|29|  OK  |
|turb|   0|  2.933692e-16|  8.286369e-07|  1.833558e-20|  1.419930e-41|  2.209895e-19|     1|   6|0|n|29|  OK  |
Filter: K,E,momentum: sd =   0 isolating K from zero=   2344 E from zero=   2344 E from infinity= 384064
View 1(0) T_solid:min(solid,ncvloc=   2116,sd_id=  1) = 358.14966458006      max(solid,ncvloc=    689,sd_id=  1) = 358.15               
slv : Global T_solid:min(solid,ncvloc=   2116,sd_id=  1) = 358.14966458006      max(solid,ncvloc=    689,sd_id=  1) = 358.15               
slv : Fluid subdom(new) 0
slv : P static (new)                 : min( 284770) = 101322.12770135      , max( 136861) = 101327.87108069      
slv : P_static - Rho*g*h (new)       : min( 229038) = 101325               , max( 346298) = 101325.0000407       
slv : Density (new)                  : min(  87113) = 1.1876416768474      , max( 136861) = 1.2037397315253      
slv : Velocity (new)                 : min( 164131) = 2.5277459815912e-12  , max( 386405) = 3.9697896613786e-08  
slv : Mach number (new)              : min( 164131) = 7.3659002903525e-15  , max( 386405) = 1.1568043241821e-10  
slv : Turbulent k (new)              : min(  87073) = 1e-40                , max( 248872) = 1.4999261140597e-06  
slv : Turbulent e (new)              : min( 118999) = 2.7615635036793e-58  , max( 248872) = 1.3431113608053e-06  
slv : Temperature (new)              : min(  69455) = 293.20000000002      , max(  87113) = 297.16573528595      
slv : Total enthalpy, Y-shifted (new): min( 284730) = 1.4852670032171e-06  , max(  87113) = 3992.3980358678      
slv : MASS FLUXES AT OPENINGS: MF=0, AP=-2.76753e-12
slv : DvGr statistics: min alpha=0.14834(nfa=254374, geom_slice=0)
Memory Working Set Current = 1222.66 Mb, Memory Working Set Peak = 1506.75 Mb
Process Threads Number: 17
Algebra Pool      : mem_usage = 182.50 Mb, allocated count = 0

================== Tstep=1 ===================
 fluid-flow view[  0]: rho_ref_grav_averaged_in_view = 1.2037056240892       
  MWS[  0]=0.247571
dt: nsd =   0 min dt/dtG(nCV=  87057)=0.25 , max dt/dtG(nCV=      0)=4.5    , dtG=0.00197108
Flow alg-view 0 in phis-view 0 isn't Neumann (not Phase Change treating)
slv : SolveBG stage
Calculation_Mf nsd =   0: maximum value of div(momentum) (ncv= 284730) =1.2733993902891e-11  
Flow alg-view 0 is not Neumann (not for Phase Change + Nested Iters)
+----+----+--------------+--------------+--------------+--------------+--------------+------+----+-+-+--+------+
|Name|view| Initial res  | Initial resL1| Target res   | Final res    | Final res L1 |Visits|Iter|R|F|CL|Status|
+----+----+--------------+--------------+--------------+--------------+--------------+------+----+-+-+--+------+
| BG |   0|  5.860051e-21|  4.111773e-09|  3.662532e-25|  3.155015e-25|  7.143805e-11|     7|  21|0|n|29|  OK  |
Calculation_Mf nsd =   0: maximum value of div(momentum) (ncv= 385432) =6.1967566956709e-14  
	norm_L2 of div(momentum) =5.6169522104424e-13  
Flow alg-view 0 in phis-view 0 isn't Neumann (not Phase Change treating)
LOG: number of a-faces with weighted approximations in 0 subdomain: 6.03097 percent
LOG: Rate of a-faces corrected to CUp1st in 0 subdomain: 0.925773 %
nsd =   0 Conv_fw[] is skipped for 33080 w-faces
slv : SolveBL stage
|nsd|Real WF|NormalF|Cycle F|CriticF| EdgeF |CyclBrF|ExtParF|RWFnumSt|StLvlNum|  nfw  |  alp_U_min  |  nfw  |  alp_U_max  |  nfw  |  alp_T_min  |  nfw  |  alp_T_max  |  nfw  |  BL_s_min   |  nfw  |   BL_s_max  |
|  0|   3328|   2263|      0|    793|    272|      0|      0|    3328|      31|   8877|0.0115598    |  14197|0.0671851    |  15532|13.3312      |   6960|109.879      |   9420|-3.24002e-18 |  14619|6.47982e-18  |
Calculation_Mf nsd =   0: maximum value of div(momentum) (ncv= 385432) =6.1967566956709e-14  
	norm_L2 of div(momentum) =5.6169522104424e-13  
nsd = 0 BC: AP Inlet occurs on 23172 w-faces
slv : Solve3M stage
+----+----+--------------+--------------+--------------+--------------+--------------+------+----+-+-+--+------+
|Name|view| Initial res  | Initial resL1| Target res   | Final res    | Final res L1 |Visits|Iter|R|F|CL|Status|
+----+----+--------------+--------------+--------------+--------------+--------------+------+----+-+-+--+------+
| 3M |   0|  2.159367e-14|  7.516668e-06|  4.048813e-18|  5.075678e-27|  3.278189e-12|     1|   3|0|n|28|  OK  |
Velocity (predicted):
        (local) sd   0: min( 164146)=1.0368719154388e-11  , max( 117357)=0.0001075925056791   
slv : SolveDvGr stage
Flow alg-view 0 is not Neumann (not for Phase Change + Nested Iters)
+----+----+--------------+--------------+--------------+--------------+--------------+------+----+-+-+--+------+
|Name|view| Initial res  | Initial resL1| Target res   | Final res    | Final res L1 |Visits|Iter|R|F|CL|Status|
+----+----+--------------+--------------+--------------+--------------+--------------+------+----+-+-+--+------+
|DVGR|   0|  4.686189e-14|  1.348627e-05|  2.928868e-18|  1.093532e-18|  2.239826e-07|     3|   9|0|n|29|  OK  |
PRESSURE SOLVER(geom_index=  0): sum_C_dp=3.21424e-16
Calculation_Mf nsd =   0: maximum value of div(momentum) (ncv= 119044) =2.2882145243695e-10  
	norm_L2 of div(momentum) =1.946571601431e-09   
slv : SolveYTd stage
slv : SolveRadiation stage
Refinement distribution: 1936 1096 0
Rebuilding matrix ...
RADIATION: Tracing rays... Ray tracing in 303 tasks
256816 rays. OK.
RADIATION: filtering bad clusters...  3032 filter candidates; 3032 filtered
Calculating radiation equations in 2 threads
Smoother time = 0.005 s
RADIATION: energy delta(surface) = 39.8069W, energy delta(volume) = 0W
Radiation took 0.872 s
slv : SolveCHT stage
+----+----+--------------+--------------+--------------+--------------+--------------+------+----+-+-+--+------+
|Name|view| Initial res  | Initial resL1| Target res   | Final res    | Final res L1 |Visits|Iter|R|F|CL|Status|
+----+----+--------------+--------------+--------------+--------------+--------------+------+----+-+-+--+------+
|CHT |   0|  1.612736e+01|  2.024956e+02|  1.177678e-07|  9.506205e-26|  1.565381e-12|     1|   9|0|n|29|  OK  |
+----+----+--------------+--------------+--------------+--------------+--------------+------+----+-+-+--+------+
|Name|view| Initial res  | Initial resL1| Target res   | Final res    | Final res L1 |Visits|Iter|R|F|CL|Status|
+----+----+--------------+--------------+--------------+--------------+--------------+------+----+-+-+--+------+
|CHT |   1|  1.313549e-11|  2.835627e-05|  8.209680e-13|  3.557305e-14|  1.480600e-06|     1|   9|0|n|30|  OK  |
slv : SolveYTurb stage
+----+----+--------------+--------------+--------------+--------------+--------------+------+----+-+-+--+------+
|Name|view| Initial res  | Initial resL1| Target res   | Final res    | Final res L1 |Visits|Iter|R|F|CL|Status|
+----+----+--------------+--------------+--------------+--------------+--------------+------+----+-+-+--+------+
|turb|   0|  1.466094e-19|  1.918663e-07|  9.163089e-24|  7.961688e-44|  1.907263e-20|     1|   6|0|n|29|  OK  |
|turb|   0|  4.109982e-22|  4.855992e-09|  4.109982e-22|  9.844473e-34|  9.967530e-16|     1|   3|0|y|29|  OK  |
Filter: K,E,momentum: sd =   0 isolating K from zero=      0 E from zero=   2344 E from infinity= 386394
View 1(0) T_solid:min(solid,ncvloc=   2116,sd_id=  1) = 358.14998248449      max(solid,ncvloc=    455,sd_id=  1) = 358.15               
slv : Global T_solid:min(solid,ncvloc=   2116,sd_id=  1) = 358.14998248449      max(solid,ncvloc=    455,sd_id=  1) = 358.15               
slv : Fluid subdom(new) 0
slv : P static (new)                 : min( 386407) = 101322.12770138      , max( 260145) = 101327.87108067      
slv : P_static - Rho*g*h (new)       : min( 119033) = 101324.99996066      , max( 229265) = 101325.00007602      
slv : Density (new)                  : min(  87113) = 1.1728847457702      , max( 270421) = 1.203739731525       
slv : Velocity (new)                 : min( 265281) = 3.0886066881383e-10  , max( 244889) = 9.0972501655062e-05  
slv : Mach number (new)              : min( 265281) = 9.0002591504947e-13  , max( 244889) = 2.6293569381409e-07  
slv : Turbulent k (new)              : min( 229049) = 1.5232417937228e-23  , max( 248872) = 1.4998363493637e-06  
slv : Turbulent e (new)              : min( 229049) = 2.4632146078423e-32  , max( 118984) = 1.3325795293545e-06  
slv : Temperature (new)              : min(  72962) = 293.20000000002      , max(  87113) = 300.90459741146      
slv : Total enthalpy, Y-shifted (new): min( 284730) = 1.4850724982359e-06  , max(  87113) = 7757.0074652863      
slv : MASS FLUXES AT OPENINGS: MF=0, AP=1.1972e-09
slv : DvGr statistics: min alpha=0.156247(nfa=254714, geom_slice=0)
Memory Working Set Current = 1243.17 Mb, Memory Working Set Peak = 1532.57 Mb
Process Threads Number: 17
Algebra Pool      : mem_usage = 182.50 Mb, allocated count = 0

================== Tstep=2 ===================
 fluid-flow view[  0]: rho_ref_grav_averaged_in_view = 1.2037056240892       
  MWS[  0]=0.247215
dt: nsd =   0 min dt/dtG(nCV=  87057)=0.25 , max dt/dtG(nCV=      0)=4.5    , dtG=0.00197384
Flow alg-view 0 in phis-view 0 isn't Neumann (not Phase Change treating)
slv : SolveBG stage
Calculation_Mf nsd =   0: maximum value of div(momentum) (ncv= 119044) =2.2882145243695e-10  
Flow alg-view 0 is not Neumann (not for Phase Change + Nested Iters)
+----+----+--------------+--------------+--------------+--------------+--------------+------+----+-+-+--+------+
|Name|view| Initial res  | Initial resL1| Target res   | Final res    | Final res L1 |Visits|Iter|R|F|CL|Status|
+----+----+--------------+--------------+--------------+--------------+--------------+------+----+-+-+--+------+
| BG |   0|  3.789363e-18|  2.809484e-07|  2.368352e-22|  1.083345e-22|  3.977534e-09|     9|  27|0|n|29|  OK  |
Calculation_Mf nsd =   0: maximum value of div(momentum) (ncv=  43992) =3.0543233803335e-13  
	norm_L2 of div(momentum) =1.0408385488645e-11  
Flow alg-view 0 in phis-view 0 isn't Neumann (not Phase Change treating)
LOG: number of a-faces with weighted approximations in 0 subdomain: 5.79586 percent
LOG: Rate of a-faces corrected to CUp1st in 0 subdomain: 0.950843 %
nsd =   0 Conv_fw[] is skipped for 33080 w-faces
slv : SolveBL stage
|nsd|Real WF|NormalF|Cycle F|CriticF| EdgeF |CyclBrF|ExtParF|RWFnumSt|StLvlNum|  nfw  |  alp_U_min  |  nfw  |  alp_U_max  |  nfw  |  alp_T_min  |  nfw  |  alp_T_max  |  nfw  |  BL_s_min   |  nfw  |   BL_s_max  |
|  0|   3328|   2973|      0|     80|    275|      0|      0|    3328|      31|   9192|0            |   9513|0.0688833    |  15003|12.9071      |   6960|110.23       |   6933|-1.22006e-10 |   9193|2.27374e-13  |
Calculation_Mf nsd =   0: maximum value of div(momentum) (ncv=  43992) =3.0543233803335e-13  
	norm_L2 of div(momentum) =1.0408385488645e-11  
nsd = 0 BC: AP Inlet occurs on 16805 w-faces
slv : Solve3M stage
+----+----+--------------+--------------+--------------+--------------+--------------+------+----+-+-+--+------+
|Name|view| Initial res  | Initial resL1| Target res   | Final res    | Final res L1 |Visits|Iter|R|F|CL|Status|
+----+----+--------------+--------------+--------------+--------------+--------------+------+----+-+-+--+------+
| 3M |   0|  9.663507e-14|  2.254068e-05|  1.811908e-17|  1.066487e-26|  6.913817e-12|     1|   3|0|n|28|  OK  |
Velocity (predicted):
        (local) sd   0: min(  65682)=3.5988183962798e-10  , max( 244889)=0.00038753486981495  
slv : SolveDvGr stage
Flow alg-view 0 is not Neumann (not for Phase Change + Nested Iters)
+----+----+--------------+--------------+--------------+--------------+--------------+------+----+-+-+--+------+
|Name|view| Initial res  | Initial resL1| Target res   | Final res    | Final res L1 |Visits|Iter|R|F|CL|Status|
+----+----+--------------+--------------+--------------+--------------+--------------+------+----+-+-+--+------+
|DVGR|   0|  3.179698e-13|  3.741936e-05|  1.987311e-17|  1.429282e-17|  6.653493e-07|     2|   6|0|n|29|  OK  |
PRESSURE SOLVER(geom_index=  0): sum_C_dp=-1.45826e-15
Calculation_Mf nsd =   0: maximum value of div(momentum) (ncv=  89266) =4.4497528697769e-09  
	norm_L2 of div(momentum) =5.4339987071393e-08  
slv : SolveYTd stage
slv : SolveRadiation stage
Refinement distribution: 1936 1096 0
Rebuilding matrix ...
RADIATION: Tracing rays... Ray tracing in 303 tasks
437832 rays. OK.
RADIATION: filtering bad clusters...  3032 filter candidates; 3032 filtered
Calculating radiation equations in 3 threads
Smoother time = 0.005 s
RADIATION: energy delta(surface) = 39.8069W, energy delta(volume) = 0W
Radiation took 0.716 s
slv : SolveCHT stage
+----+----+--------------+--------------+--------------+--------------+--------------+------+----+-+-+--+------+
|Name|view| Initial res  | Initial resL1| Target res   | Final res    | Final res L1 |Visits|Iter|R|F|CL|Status|
+----+----+--------------+--------------+--------------+--------------+--------------+------+----+-+-+--+------+
|CHT |   0|  1.446224e+01|  1.942924e+02|  4.432311e-07|  9.515689e-26|  1.580678e-12|     1|   9|0|n|29|  OK  |
+----+----+--------------+--------------+--------------+--------------+--------------+------+----+-+-+--+------+
|Name|view| Initial res  | Initial resL1| Target res   | Final res    | Final res L1 |Visits|Iter|R|F|CL|Status|
+----+----+--------------+--------------+--------------+--------------+--------------+------+----+-+-+--+------+
|CHT |   1|  3.557307e-14|  1.480616e-06|  2.223317e-15|  9.682119e-17|  7.746202e-08|     1|   9|0|n|30|  OK  |
slv : SolveYTurb stage
+----+----+--------------+--------------+--------------+--------------+--------------+------+----+-+-+--+------+
|Name|view| Initial res  | Initial resL1| Target res   | Final res    | Final res L1 |Visits|Iter|R|F|CL|Status|
+----+----+--------------+--------------+--------------+--------------+--------------+------+----+-+-+--+------+
|turb|   0|  1.438583e-19|  1.902869e-07|  8.991142e-24|  8.747061e-44|  2.048497e-20|     1|   6|0|n|29|  OK  |
|turb|   0|  2.212714e-16|  3.165227e-07|  1.382946e-20|  3.025906e-37|  2.307824e-18|     1|   6|0|n|29|  OK  |
Filter: K,E,momentum: sd =   0 isolating K from zero=      0 E from zero=   2378 E from infinity= 385832
View 1(0) T_solid:min(solid,ncvloc=   2116,sd_id=  1) = 358.14999908401      max(solid,ncvloc=   1745,sd_id=  1) = 358.15               
slv : Global T_solid:min(solid,ncvloc=   2116,sd_id=  1) = 358.14999908401      max(solid,ncvloc=   1745,sd_id=  1) = 358.15               
slv : Fluid subdom(new) 0
slv : P static (new)                 : min( 284730) = 101322.12770138      , max( 260148) = 101327.87108067      
slv : P_static - Rho*g*h (new)       : min(  89410) = 101324.99977447      , max( 229038) = 101325.00011435      
slv : Density (new)                  : min(  87113) = 1.1593438273718      , max( 368789) = 1.2037397315249      
slv : Velocity (new)                 : min(     56) = 5.8064505314496e-10  , max( 229050) = 0.00021382862462892  
slv : Mach number (new)              : min(     56) = 1.6920108257316e-12  , max( 229050) = 6.16414286547e-07    
slv : Turbulent k (new)              : min(  89605) = 5.5551488494554e-18  , max( 248872) = 1.4997307171335e-06  
slv : Turbulent e (new)              : min(  89605) = 5.424909920872e-24   , max( 234890) = 1.3248605736462e-06  
slv : Temperature (new)              : min(  72743) = 293.20000000002      , max(  87113) = 304.41910638695      
slv : Total enthalpy, Y-shifted (new): min( 284730) = 1.4848777982085e-06  , max(  87113) = 11296.402639929      
slv : MASS FLUXES AT OPENINGS: MF=0, AP=2.67844e-09
slv : DvGr statistics: min alpha=0.144484(nfa=254715, geom_slice=0)
Memory Working Set Current = 1240.92 Mb, Memory Working Set Peak = 1534.01 Mb
Process Threads Number: 17
Algebra Pool      : mem_usage = 182.50 Mb, allocated count = 0

================== Tstep=3 ===================
 fluid-flow view[  0]: rho_ref_grav_averaged_in_view = 1.2037056240892       
  MWS[  0]=0.243453
dt: nsd =   0 min dt/dtG(nCV=  87057)=0.25 , max dt/dtG(nCV=      0)=4.5    , dtG=0.00200418
Flow alg-view 0 in phis-view 0 isn't Neumann (not Phase Change treating)
slv : SolveBG stage
Calculation_Mf nsd =   0: maximum value of div(momentum) (ncv=  89266) =4.4497528697769e-09  
Flow alg-view 0 is not Neumann (not for Phase Change + Nested Iters)
+----+----+--------------+--------------+--------------+--------------+--------------+------+----+-+-+--+------+
|Name|view| Initial res  | Initial resL1| Target res   | Final res    | Final res L1 |Visits|Iter|R|F|CL|Status|
+----+----+--------------+--------------+--------------+--------------+--------------+------+----+-+-+--+------+
| BG |   0|  2.952834e-15|  2.469478e-06|  1.845521e-19|  6.610917e-20|  8.012448e-08|     6|  18|0|n|29|  OK  |
Calculation_Mf nsd =   0: maximum value of div(momentum) (ncv= 176424) =1.3097479679625e-11  
	norm_L2 of div(momentum) =2.5711704044113e-10  
Flow alg-view 0 in phis-view 0 isn't Neumann (not Phase Change treating)
LOG: number of a-faces with weighted approximations in 0 subdomain: 6.77778 percent
LOG: Rate of a-faces corrected to CUp1st in 0 subdomain: 1.12611 %
nsd =   0 Conv_fw[] is skipped for 33080 w-faces
slv : SolveBL stage
|nsd|Real WF|NormalF|Cycle F|CriticF| EdgeF |CyclBrF|ExtParF|RWFnumSt|StLvlNum|  nfw  |  alp_U_min  |  nfw  |  alp_U_max  |  nfw  |  alp_T_min  |  nfw  |  alp_T_max  |  nfw  |  BL_s_min   |  nfw  |   BL_s_max  |
|  0|   3328|   2815|      0|    217|    296|      0|      0|    3328|      29|   7000|0            |  14150|0.0696658    |  15532|13.3597      |   9554|123.294      |   6970|-7.19755e-10 |   7002|9.09495e-13  |
Calculation_Mf nsd =   0: maximum value of div(momentum) (ncv= 176424) =1.3097479679625e-11  
	norm_L2 of div(momentum) =2.5711704044113e-10  
nsd = 0 BC: AP Inlet occurs on 17098 w-faces
slv : Solve3M stage
+----+----+--------------+--------------+--------------+--------------+--------------+------+----+-+-+--+------+
|Name|view| Initial res  | Initial resL1| Target res   | Final res    | Final res L1 |Visits|Iter|R|F|CL|Status|
+----+----+--------------+--------------+--------------+--------------+--------------+------+----+-+-+--+------+
| 3M |   0|  1.180151e-13|  2.752462e-05|  2.212783e-17|  4.453113e-26|  1.390857e-11|     1|   3|0|n|28|  OK  |
Velocity (predicted):
        (local) sd   0: min( 271041)=1.0359008628515e-09  , max( 229076)=0.0005303250686457   
slv : SolveDvGr stage
Flow alg-view 0 is not Neumann (not for Phase Change + Nested Iters)
+----+----+--------------+--------------+--------------+--------------+--------------+------+----+-+-+--+------+
|Name|view| Initial res  | Initial resL1| Target res   | Final res    | Final res L1 |Visits|Iter|R|F|CL|Status|
+----+----+--------------+--------------+--------------+--------------+--------------+------+----+-+-+--+------+
|DVGR|   0|  1.495930e-13|  1.942439e-05|  7.744477e-18|  6.895295e-18|  6.126172e-07|     3|   9|0|n|29|  OK  |
PRESSURE SOLVER(geom_index=  0): sum_C_dp=4.79678e-18
Calculation_Mf nsd =   0: maximum value of div(momentum) (ncv=  88941) =6.247816033819e-09   
	norm_L2 of div(momentum) =4.6670851189405e-08  
slv : SolveYTd stage
slv : SolveRadiation stage
Refinement distribution: 1936 1096 0
Rebuilding matrix ...
RADIATION: Tracing rays... Ray tracing in 303 tasks
618848 rays. OK.
RADIATION: filtering bad clusters...  3032 filter candidates; 3032 filtered
Calculating radiation equations in 4 threads
Smoother time = 0.007 s
RADIATION: energy delta(surface) = 39.8069W, energy delta(volume) = 0W
Radiation took 0.613 s
slv : SolveCHT stage
+----+----+--------------+--------------+--------------+--------------+--------------+------+----+-+-+--+------+
|Name|view| Initial res  | Initial resL1| Target res   | Final res    | Final res L1 |Visits|Iter|R|F|CL|Status|
+----+----+--------------+--------------+--------------+--------------+--------------+------+----+-+-+--+------+
|CHT |   0|  1.468479e+01|  1.936428e+02|  9.118468e-07|  1.362749e-25|  1.930409e-12|     1|   9|0|n|29|  OK  |
+----+----+--------------+--------------+--------------+--------------+--------------+------+----+-+-+--+------+
|Name|view| Initial res  | Initial resL1| Target res   | Final res    | Final res L1 |Visits|Iter|R|F|CL|Status|
+----+----+--------------+--------------+--------------+--------------+--------------+------+----+-+-+--+------+
|CHT |   1|  9.682102e-17|  7.745414e-08|  6.051314e-18|  2.636152e-19|  4.348442e-09|     1|   9|0|n|30|  OK  |
slv : SolveYTurb stage
+----+----+--------------+--------------+--------------+--------------+--------------+------+----+-+-+--+------+
|Name|view| Initial res  | Initial resL1| Target res   | Final res    | Final res L1 |Visits|Iter|R|F|CL|Status|
+----+----+--------------+--------------+--------------+--------------+--------------+------+----+-+-+--+------+
|turb|   0|  1.411953e-19|  1.887809e-07|  8.824704e-24|  1.074180e-43|  2.183235e-20|     1|   6|0|n|29|  OK  |
|turb|   0|  6.722618e-10|  3.076339e-04|  1.449038e-15|  1.039691e-34|  2.844660e-17|     1|   6|0|n|29|  OK  |
Filter: K,E,momentum: sd =   0 isolating K from zero=      0 E from zero=   3593 E from infinity= 383902
View 1(0) T_solid:min(solid,ncvloc=   2116,sd_id=  1) = 358.1499999521       max(solid,ncvloc=    853,sd_id=  1) = 358.15               
slv : Global T_solid:min(solid,ncvloc=   2116,sd_id=  1) = 358.1499999521       max(solid,ncvloc=    853,sd_id=  1) = 358.15               
slv : Fluid subdom(new) 0
slv : P static (new)                 : min( 359491) = 101322.12770138      , max( 260145) = 101327.87108067      
slv : P_static - Rho*g*h (new)       : min( 229239) = 101324.99969455      , max( 229042) = 101325.00034772      
slv : Density (new)                  : min(  87113) = 1.1467901250211      , max( 369037) = 1.2037397315249      
slv : Velocity (new)                 : min( 359546) = 1.571665043487e-09   , max( 229069) = 0.00045497182003157  
slv : Mach number (new)              : min( 359546) = 4.5798620923409e-12  , max( 229069) = 1.3067090573113e-06  
slv : Turbulent k (new)              : min( 201304) = 8.8647378187328e-17  , max( 248919) = 1.4996062548379e-06  
slv : Turbulent e (new)              : min( 201304) = 3.4581818261866e-22  , max( 248924) = 1.3194097573247e-06  
slv : Temperature (new)              : min(  72743) = 293.20000000003      , max(  87113) = 307.7515267075       
slv : Total enthalpy, Y-shifted (new): min( 284730) = 1.4846801869646e-06  , max(  87113) = 14653.088498699      
slv : MASS FLUXES AT OPENINGS: MF=0, AP=5.04639e-09
slv : DvGr statistics: min alpha=0.145194(nfa=638491, geom_slice=0)
Memory Working Set Current = 1240.57 Mb, Memory Working Set Peak = 1534.77 Mb
Process Threads Number: 14
Algebra Pool      : mem_usage = 182.50 Mb, allocated count = 0

================== Tstep=4 ===================
 fluid-flow view[  0]: rho_ref_grav_averaged_in_view = 1.2037056240892       
  MWS[  0]=0.218361
dt: nsd =   0 min dt/dtG(nCV=  87104)=0.25 , max dt/dtG(nCV=      0)=4.5    , dtG=0.00223401
Flow alg-view 0 in phis-view 0 isn't Neumann (not Phase Change treating)
slv : SolveBG stage
Calculation_Mf nsd =   0: maximum value of div(momentum) (ncv=  88941) =6.247816033819e-09   
Flow alg-view 0 is not Neumann (not for Phase Change + Nested Iters)
+----+----+--------------+--------------+--------------+--------------+--------------+------+----+-+-+--+------+
|Name|view| Initial res  | Initial resL1| Target res   | Final res    | Final res L1 |Visits|Iter|R|F|CL|Status|
+----+----+--------------+--------------+--------------+--------------+--------------+------+----+-+-+--+------+
| BG |   0|  2.178168e-15|  2.347849e-06|  3.274412e-21|  1.163778e-21|  6.446759e-09|    11|  33|0|n|29|  OK  |
Calculation_Mf nsd =   0: maximum value of div(momentum) (ncv=  30839) =4.4962785869499e-12  
	norm_L2 of div(momentum) =3.4114198215215e-11  
Flow alg-view 0 in phis-view 0 isn't Neumann (not Phase Change treating)
LOG: number of a-faces with weighted approximations in 0 subdomain: 6.65572 percent
LOG: Rate of a-faces corrected to CUp1st in 0 subdomain: 1.09886 %
nsd =   0 Conv_fw[] is skipped for 33080 w-faces
slv : SolveBL stage
|nsd|Real WF|NormalF|Cycle F|CriticF| EdgeF |CyclBrF|ExtParF|RWFnumSt|StLvlNum|  nfw  |  alp_U_min  |  nfw  |  alp_U_max  |  nfw  |  alp_T_min  |  nfw  |  alp_T_max  |  nfw  |  BL_s_min   |  nfw  |   BL_s_max  |
|  0|   3328|   2800|      0|    232|    296|      0|      0|    3328|      26|   7049|0            |  15113|0.179629     |  15532|13.3743      |   9552|247.032      |   6970|-3.35819e-09 |  14665|4.54747e-13  |
Calculation_Mf nsd =   0: maximum value of div(momentum) (ncv=  30839) =4.4962785869499e-12  
	norm_L2 of div(momentum) =3.4114198215215e-11  
nsd = 0 BC: AP Inlet occurs on 16601 w-faces
slv : Solve3M stage
+----+----+--------------+--------------+--------------+--------------+--------------+------+----+-+-+--+------+
|Name|view| Initial res  | Initial resL1| Target res   | Final res    | Final res L1 |Visits|Iter|R|F|CL|Status|
+----+----+--------------+--------------+--------------+--------------+--------------+------+----+-+-+--+------+
| 3M |   0|  2.525133e-13|  4.582750e-05|  3.201394e-17|  1.567923e-25|  2.920774e-11|     1|   3|0|n|28|  OK  |
Velocity (predicted):
        (local) sd   0: min( 260145)=2.1042442470349e-09  , max( 115808)=0.0012339279202682   
slv : SolveDvGr stage
Flow alg-view 0 is not Neumann (not for Phase Change + Nested Iters)
+----+----+--------------+--------------+--------------+--------------+--------------+------+----+-+-+--+------+
|Name|view| Initial res  | Initial resL1| Target res   | Final res    | Final res L1 |Visits|Iter|R|F|CL|Status|
+----+----+--------------+--------------+--------------+--------------+--------------+------+----+-+-+--+------+
|DVGR|   0|  9.586230e-13|  4.756644e-05|  3.274412e-21|  2.708846e-21|  1.237479e-08|    13|  39|0|n|29|  OK  |
PRESSURE SOLVER(geom_index=  0): sum_C_dp=-2.22656e-15
Calculation_Mf nsd =   0: maximum value of div(momentum) (ncv= 200534) =1.4396987206767e-08  
	norm_L2 of div(momentum) =1.1407454527563e-07  
slv : SolveYTd stage
slv : SolveRadiation stage
Calculating radiation equations in 4 threads
Smoother time = 0.005 s
RADIATION: energy delta(surface) = 39.8069W, energy delta(volume) = 0W
Radiation took 0.016 s
slv : SolveCHT stage
+----+----+--------------+--------------+--------------+--------------+--------------+------+----+-+-+--+------+
|Name|view| Initial res  | Initial resL1| Target res   | Final res    | Final res L1 |Visits|Iter|R|F|CL|Status|
+----+----+--------------+--------------+--------------+--------------+--------------+------+----+-+-+--+------+
|CHT |   0|  1.657320e+01|  1.907743e+02|  1.238476e-06|  9.198724e-25|  4.960227e-12|     1|   9|0|n|29|  OK  |
+----+----+--------------+--------------+--------------+--------------+--------------+------+----+-+-+--+------+
|Name|view| Initial res  | Initial resL1| Target res   | Final res    | Final res L1 |Visits|Iter|R|F|CL|Status|
+----+----+--------------+--------------+--------------+--------------+--------------+------+----+-+-+--+------+
|CHT |   1|  2.636149e-19|  4.337319e-09|  2.636149e-19|  3.684236e-20|  1.753541e-09|     1|   3|0|y|30|  OK  |
slv : SolveYTurb stage
+----+----+--------------+--------------+--------------+--------------+--------------+------+----+-+-+--+------+
|Name|view| Initial res  | Initial resL1| Target res   | Final res    | Final res L1 |Visits|Iter|R|F|CL|Status|
+----+----+--------------+--------------+--------------+--------------+--------------+------+----+-+-+--+------+
|turb|   0|  1.384355e-19|  1.871186e-07|  8.652217e-24|  4.098270e-43|  3.752785e-20|     1|   6|0|n|29|  OK  |
|turb|   0|  1.670591e-09|  3.333165e-04|  9.392787e-21|  5.464928e-35|  2.674168e-17|     1|   6|0|n|29|  OK  |
Filter: K,E,momentum: sd =   0 isolating K from zero=      0 E from zero=   3819 E from infinity= 383747
View 1(0) T_solid:min(solid,ncvloc=   2116,sd_id=  1) = 358.14999998209      max(solid,ncvloc=   1119,sd_id=  1) = 358.15               
slv : Global T_solid:min(solid,ncvloc=   2116,sd_id=  1) = 358.14999998209      max(solid,ncvloc=   1119,sd_id=  1) = 358.15               
slv : Fluid subdom(new) 0
slv : P static (new)                 : min( 284730) = 101322.12770138      , max( 363596) = 101327.87108068      
slv : P_static - Rho*g*h (new)       : min(  89416) = 101324.99958949      , max( 201292) = 101325.00052915      
slv : Density (new)                  : min( 119268) = 1.111190231705       , max( 363596) = 1.2037397315249      
slv : Velocity (new)                 : min( 260179) = 2.366388280382e-09   , max( 229050) = 0.00080176617920963  
slv : Mach number (new)              : min( 260179) = 6.8957008530495e-12  , max( 229050) = 2.2937822638563e-06  
slv : Turbulent k (new)              : min( 117162) = 1.4342349858147e-15  , max( 248919) = 1.499444800464e-06   
slv : Turbulent e (new)              : min( 117162) = 2.2390486501297e-20  , max( 248883) = 1.3169355913784e-06  
slv : Temperature (new)              : min(  72743) = 293.20000000003      , max( 119268) = 317.61125961718      
slv : Total enthalpy, Y-shifted (new): min( 284730) = 1.4844600141247e-06  , max( 119268) = 24588.428661804      
slv : MASS FLUXES AT OPENINGS: MF=0, AP=1.11317e-09
slv : DvGr statistics: min alpha=0.152001(nfa=348679, geom_slice=0)
Interpolator cache: total calls 3894, optimised calls 621 (15.9 %)
Interpolator cache: total calls 3443, optimised calls 242 (7.0 %)
Interpolator cache: total calls 3659, optimised calls 275 (7.5 %)
Interpolator cache: total calls 3700, optimised calls 226 (6.1 %)
Memory Working Set Current = 1241.65 Mb, Memory Working Set Peak = 1534.77 Mb
Process Threads Number: 14
Iteration : time = 82.0128 , count = 5 , time/count = 16.4026
Calculate_inc() : time = 71.4995 , count = 5 , time/count = 14.2999
TreatFlowEvolution() : time = 4.34258 , count = 5 , time/count = 0.868516
SolverPreview : time = 0 , count = 6 , time/count = 0
TreatGoals : time = 4.2771 , count = 5 , time/count = 0.855421
Algebra Pool      : mem_usage = 182.50 Mb, allocated count = 0

================== Tstep=5 ===================
 fluid-flow view[  0]: rho_ref_grav_averaged_in_view = 1.2037056240892       
  MWS[  0]=0.123954
dt: nsd =   0 min dt/dtG(nCV=  87104)=0.25 , max dt/dtG(nCV=      0)=4.5    , dtG=0.00589706
Flow alg-view 0 in phis-view 0 isn't Neumann (not Phase Change treating)
slv : SolveBG stage
Calculation_Mf nsd =   0: maximum value of div(momentum) (ncv= 200534) =1.4396987206767e-08  
Flow alg-view 0 is not Neumann (not for Phase Change + Nested Iters)
+----+----+--------------+--------------+--------------+--------------+--------------+------+----+-+-+--+------+
|Name|view| Initial res  | Initial resL1| Target res   | Final res    | Final res L1 |Visits|Iter|R|F|CL|Status|
+----+----+--------------+--------------+--------------+--------------+--------------+------+----+-+-+--+------+
| BG |   0|  1.301300e-14|  4.266840e-06|  7.225866e-24|  1.697506e-24|  1.665849e-10|    16|  54|1|n|29|  OK  |
Calculation_Mf nsd =   0: maximum value of div(momentum) (ncv=   4041) =1.0737914125958e-13  
	norm_L2 of div(momentum) =1.3028839014461e-12  
Flow alg-view 0 in phis-view 0 isn't Neumann (not Phase Change treating)
LOG: number of a-faces with weighted approximations in 0 subdomain: 6.85781 percent
LOG: Rate of a-faces corrected to CUp1st in 0 subdomain: 1.12518 %
nsd =   0 Conv_fw[] is skipped for 33080 w-faces
slv : SolveBL stage
|nsd|Real WF|NormalF|Cycle F|CriticF| EdgeF |CyclBrF|ExtParF|RWFnumSt|StLvlNum|  nfw  |  alp_U_min  |  nfw  |  alp_U_max  |  nfw  |  alp_T_min  |  nfw  |  alp_T_max  |  nfw  |  BL_s_min   |  nfw  |   BL_s_max  |
|  0|   3328|   2698|      0|    334|    296|      0|      0|    3328|      18|   7003|0            |   9305|0.0867244    |  15532|13.3905      |  15469|227.737      |   6970|-1.02932e-08 |  15021|9.09495e-13  |
Calculation_Mf nsd =   0: maximum value of div(momentum) (ncv=   4041) =1.0737914125958e-13  
	norm_L2 of div(momentum) =1.3028839014461e-12  
nsd = 0 BC: AP Inlet occurs on 17017 w-faces
slv : Solve3M stage
+----+----+--------------+--------------+--------------+--------------+--------------+------+----+-+-+--+------+
|Name|view| Initial res  | Initial resL1| Target res   | Final res    | Final res L1 |Visits|Iter|R|F|CL|Status|
+----+----+--------------+--------------+--------------+--------------+--------------+------+----+-+-+--+------+
| 3M |   0|  4.952768e-13|  6.874800e-05|  8.224495e-20|  7.556630e-23|  7.125405e-10|     1|   3|0|n|28|  OK  |
Velocity (predicted):
        (local) sd   0: min( 359527)=5.0968968800002e-09  , max( 119268)=0.0047922245666363   
slv : SolveDvGr stage
Flow alg-view 0 is not Neumann (not for Phase Change + Nested Iters)
+----+----+--------------+--------------+--------------+--------------+--------------+------+----+-+-+--+------+
|Name|view| Initial res  | Initial resL1| Target res   | Final res    | Final res L1 |Visits|Iter|R|F|CL|Status|
+----+----+--------------+--------------+--------------+--------------+--------------+------+----+-+-+--+------+
|DVGR|   0|  1.333723e-11|  1.881661e-04|  7.225866e-24|  2.737998e-24|  4.187188e-10|    18|  72|1|n|29|  OK  |
PRESSURE SOLVER(geom_index=  0): sum_C_dp=8.94501e-17
Calculation_Mf nsd =   0: maximum value of div(momentum) (ncv=  86962) =3.2810714216881e-08  
	norm_L2 of div(momentum) =3.6220632929922e-07  
slv : SolveYTd stage
slv : SolveRadiation stage
Refinement distribution: 1936 1096 0
Rebuilding matrix ...
RADIATION: Tracing rays... Ray tracing in 303 tasks
799864 rays. OK.
RADIATION: filtering bad clusters...  3032 filter candidates; 3032 filtered
Calculating radiation equations in 4 threads
Smoother time = 0.004 s
RADIATION: energy delta(surface) = 39.8069W, energy delta(volume) = 0W
Radiation took 0.624 s
Finishing without saving fld. Please wait...
slv : SolveCHT stage
+----+----+--------------+--------------+--------------+--------------+--------------+------+----+-+-+--+------+
|Name|view| Initial res  | Initial resL1| Target res   | Final res    | Final res L1 |Visits|Iter|R|F|CL|Status|
+----+----+--------------+--------------+--------------+--------------+--------------+------+----+-+-+--+------+
|CHT |   0|  1.349814e+01|  1.848313e+02|  5.280424e-07|  3.299584e-18|  1.152064e-08|     1|   9|0|n|29|  OK  |
+----+----+--------------+--------------+--------------+--------------+--------------+------+----+-+-+--+------+
|Name|view| Initial res  | Initial resL1| Target res   | Final res    | Final res L1 |Visits|Iter|R|F|CL|Status|
+----+----+--------------+--------------+--------------+--------------+--------------+------+----+-+-+--+------+
|CHT |   1|  3.683760e-20|  1.740698e-09|  3.683760e-20|  5.193390e-21|  8.824717e-10|     1|   3|0|y|30|  OK  |
slv : SolveYTurb stage
+----+----+--------------+--------------+--------------+--------------+--------------+------+----+-+-+--+------+
|Name|view| Initial res  | Initial resL1| Target res   | Final res    | Final res L1 |Visits|Iter|R|F|CL|Status|
+----+----+--------------+--------------+--------------+--------------+--------------+------+----+-+-+--+------+
|turb|   0|  1.356008e-19|  1.855003e-07|  8.475051e-24|  1.777393e-38|  9.074116e-18|     1|   6|0|n|29|  OK  |
|turb|   0|  2.013716e-08|  2.237212e-03|  5.804565e-26|  1.355207e-29|  2.551520e-14|     1|   6|0|n|29|  OK  |
Filter: K,E,momentum: sd =   0 isolating K from zero=      0 E from zero=   3843 E from infinity= 383661
View 1(0) T_solid:min(solid,ncvloc=   2116,sd_id=  1) = 358.1499999933       max(solid,ncvloc=    845,sd_id=  1) = 358.15               
slv : Global T_solid:min(solid,ncvloc=   2116,sd_id=  1) = 358.1499999933       max(solid,ncvloc=    845,sd_id=  1) = 358.15               
slv : Fluid subdom(new) 0
slv : P static (new)                 : min( 336574) = 101322.12770138      , max( 379989) = 101327.87108067      
slv : P_static - Rho*g*h (new)       : min( 231238) = 101324.99950966      , max( 119268) = 101325.00078114      
slv : Density (new)                  : min( 234876) = 1.0632811746236      , max( 379989) = 1.2037397315247      
slv : Velocity (new)                 : min( 383199) = 4.3576231164891e-09  , max( 119058) = 0.0027599977742188   
slv : Mach number (new)              : min( 383199) = 1.2698197371393e-11  , max( 119058) = 7.6008260659533e-06  
slv : Turbulent k (new)              : min( 115996) = 7.9104527791099e-15  , max( 248872) = 1.498858761863e-06   
slv : Turbulent e (new)              : min( 115996) = 2.900247595038e-19   , max( 216810) = 1.3119780224007e-06  
slv : Temperature (new)              : min(  72742) = 293.20000000004      , max( 234876) = 331.92210983584      
slv : Total enthalpy, Y-shifted (new): min( 284730) = 1.4838799390261e-06  , max( 234876) = 39019.156117429      
slv : MASS FLUXES AT OPENINGS: MF=0, AP=-1.22543e-10
slv : DvGr statistics: min alpha=0.138933(nfa=637777, geom_slice=0)
Memory Working Set Current = 1240.21 Mb, Memory Working Set Peak = 1534.86 Mb
Process Threads Number: 14
/************Goal values******************/
PG Heat Transfer Coefficient 1				24.9068656 W/m^2/K
PG Heat Transfer Coefficient 2				24.9452629 W/m^2/K
PG Heat Transfer Coefficient 3				24.9450509 W/m^2/K
PG Heat Transfer Coefficient 4				24.9155385 W/m^2/K
PG Heat Transfer Coefficient 5				24.8970906 W/m^2/K
PG Heat Transfer Coefficient 6				24.9619997 W/m^2/K
PG Heat Transfer Coefficient 7				24.9611969 W/m^2/K
PG Heat Transfer Coefficient 8				24.8969554 W/m^2/K
PG Heat Transfer Coefficient 9				79.9936237 W/m^2/K
PG Heat Transfer Coefficient 10				80.0695024 W/m^2/K
PG Heat Transfer Coefficient 11				80.0884866 W/m^2/K
PG Heat Transfer Coefficient 12				80.0162459 W/m^2/K
SG Min Heat Transfer Coefficient 1				12.7750027 W/m^2/K
SG Av Heat Transfer Coefficient 1				30.6732869 W/m^2/K
SG Max Heat Transfer Coefficient 1				99.5774154 W/m^2/K
SG Heat Transfer Rate 1				164.159751 W
/************End of Goal values******************/
/************	Min/Max Parameters	************/
Density (Fluid):		min = 1.06328117 kg/m^3		max = 1.20373973 kg/m^3
Pressure:		min = 101322.128 Pa		max = 101327.871 Pa
Temperature:		min = 358.15 K		max = 358.15 K
Temperature (Fluid):		min = 293.2 K		max = 358.15 K
Temperature (Solid):		min = 358.15 K		max = 358.15 K
Velocity:		min = 0 m/s		max = 0.00275999777 m/s
Velocity (X):		min = -0.000614008311 m/s		max = 0.000586502322 m/s
Velocity (Y):		min = -0.000925975547 m/s		max = 0.00274751464 m/s
Velocity (Z):		min = -0.000621759512 m/s		max = 0.000580374335 m/s
Mach Number:		min = 0		max = 7.60082607e-06
/************	End of Min/Max Parameters	************/
Solver finished at	15.8.2022	11:58:45
Total CPU time 125 s
Free memory:
slv : +----------------------------------+------------+-------+------------+------------+
slv : |          Collector name          | Total Time | Count |  Avg Time  |  Max Time  |
slv : +----------------------------------+------------+-------+------------+------------+
slv : | CHT_MDS_import_export            |       0.009|     12|       0.001|       0.002|
slv : | CHT_make_operator                |       4.531|     12|       0.378|       0.677|
slv : | CHT_solve_alg                    |       1.069|     12|       0.089|       0.159|
slv : | CSolver_core_update_BC_1         |       0.218|      7|       0.031|       0.037|
slv : | Calculate_inc                    |      86.787|      6|      14.464|      15.680|
slv : | LiSy_make_portrait               |       4.210|     38|       0.111|       0.330|
slv : | Results_processing               |       5.127|      6|       0.855|       1.020|
slv : | build_sl_ordering_CHT            |       0.733|     12|       0.061|       0.258|
slv : | build_sl_ordering_MDS            |       1.483|      6|       0.247|       0.540|
slv : | build_sl_ordering_fluid          |       1.483|      6|       0.247|       0.540|
slv : | calc_Convolutions_MDS            |       3.432|      6|       0.572|       0.607|
slv : | create_Gr_operators_MDS          |       6.511|      6|       1.085|       1.223|
slv : | create_Gr_operators_portrait_MDS |       1.991|      6|       0.332|       0.376|
slv : | init_Hy_group_MDS                |       5.253|      6|       0.875|       1.031|
slv : | perform_stage_total              |      81.379|    158|       0.515|       5.676|
slv : | precalc_at_start_MDS             |       6.796|      4|       1.699|       5.676|
slv : | solve_3M_MDS                     |      11.681|      6|       1.947|       2.086|
slv : | solve_3M_alg_MDS                 |       1.207|      6|       0.201|       0.257|
slv : | solve_BG_MDS                     |       6.144|      6|       1.024|       1.704|
slv : | solve_BG_alg_MDS                 |       3.743|      6|       0.624|       1.314|
slv : | solve_BL_MDS                     |       1.483|      6|       0.247|       0.367|
slv : | solve_DvGr_MDS                   |      14.307|      6|       2.384|       3.290|
slv : | solve_DvGr_alg_MDS               |       5.554|      6|       0.926|       1.853|
slv : | solve_INPR_MDS                   |       0.000|      1|       0.000|       0.000|
slv : | solve_PS+QJ                      |       0.000|      0|       0.000|       0.000|
slv : | solve_PSQJ_MDS_total             |       0.000|      6|       0.000|       0.000|
slv : | solve_YLMA_MDS                   |       0.000|      6|       0.000|       0.000|
slv : | solve_YNOx_MDS                   |       0.000|      6|       0.000|       0.000|
slv : | solve_YTd_MDS                    |       0.003|      6|       0.000|       0.001|
slv : | solve_YTurb_MDS                  |       7.820|      6|       1.303|       1.468|
slv : | solve_YTurb_alg_MDS              |       1.003|     12|       0.084|       0.094|
slv : | update_BC_MDS                    |       0.018|      7|       0.003|       0.003|
slv : | update_VelPressure_MDS           |       0.372|      6|       0.062|       0.076|
slv : +----------------------------------+------------+-------+------------+------------+
alg : 
alg :  size = 5352
alg :  build_coarse_select_omega     0.000  1
alg :  build_fine_select_omega       0.000  6
alg :  build_select_pivot_nonzeros   0.001  6
alg :  build_select_vectors          0.001  6
alg :  calc_residual_LU              0.001  9
alg :  call_MG_solver                0.168  6
alg :  clean_coarse_levels           0.000  1
alg :  clean_fine_level              0.000  6
alg :  init_RB_coarse_nonzeros       0.000  1
alg :  init_RB_fine_nonzeros         0.000  6
alg :  init_coarse_levels            0.018  1
alg :  init_fine_level               0.002  6
alg :  mg_cycle                      0.166  6
alg :  numerical_PardisoLU           0.004  1
alg :  perform_prolongation          0.000  3
alg :  perform_restriction           0.000  3
alg :  run_smoothing                 0.144  9
alg :  smoother_fine                 0.142  69
alg :  solve_MG                      0.170  6
alg :  solve_PardisoLU               0.004  3
alg :  symbolic_PardisoLU            0.010  1
alg :  update_mg_status              0.000  12
alg : 
alg :  size = 386408
alg :  build_fine_select_omega       0.037  6
alg :  build_select_pivot_nonzeros   0.053  6
alg :  build_select_vectors          0.007  6
alg :  calc_residual_LU              0.039  6
alg :  call_MG_solver                0.742  6
alg :  clean_fine_level              0.004  6
alg :  init_RB_fine_nonzeros         0.000  6
alg :  init_fine_level               0.098  6
alg :  mg_cycle                      0.697  6
alg :  run_smoothing                 0.697  6
alg :  smoother_fine                 0.658  54
alg :  solve_MG                      0.844  6
alg :  update_mg_status              0.000  6
alg : 
alg :  size = 386408
alg :  assembling_nnz_PardisoCholesky   0.003  6
alg :  build_coarse_select_omega        0.001  6
alg :  build_fine_select_omega          0.007  6
alg :  build_select_pivot_nonzeros      0.088  6
alg :  build_select_vectors             0.007  6
alg :  calc_residual_LU                 0.687  205
alg :  call_MG_solver                   5.356  6
alg :  clean_coarse_levels              0.000  6
alg :  clean_fine_level                 0.004  6
alg :  init_RB_coarse_nonzeros          0.000  6
alg :  init_RB_fine_nonzeros            0.000  6
alg :  init_coarse_levels               0.569  6
alg :  init_fine_level                  0.102  6
alg :  mg_cycle                         5.284  7
alg :  numerical_PardisoCholesky        0.225  6
alg :  perform_prolongation             0.070  155
alg :  perform_restriction              0.075  155
alg :  run_smoothing                    3.616  205
alg :  smoother_coarse                  0.375  348
alg :  smoother_fine                    2.548  168
alg :  solve_MG                         5.462  6
alg :  solve_PardisoCholesky            0.928  112
alg :  symbolic_PardisoCholesky         0.252  1
alg :  update_mg_status                 0.017  317
alg : 
alg :  size = 386408
alg :  assembling_nnz_PardisoCholesky   0.003  5
alg :  build_coarse_select_omega        0.001  5
alg :  build_fine_select_omega          0.008  6
alg :  build_select_pivot_nonzeros      0.042  6
alg :  build_select_vectors             0.008  6
alg :  calc_residual_LU                 0.387  203
alg :  call_MG_solver                   3.625  6
alg :  clean_coarse_levels              0.000  5
alg :  clean_fine_level                 0.004  6
alg :  init_RB_coarse_nonzeros          0.000  5
alg :  init_RB_fine_nonzeros            0.000  6
alg :  init_coarse_levels               0.301  5
alg :  init_fine_level                  0.059  6
alg :  mg_cycle                         3.581  7
alg :  numerical_PardisoCholesky        0.200  5
alg :  perform_prolongation             0.081  153
alg :  perform_restriction              0.078  153
alg :  run_smoothing                    2.094  203
alg :  smoother_coarse                  0.392  330
alg :  smoother_fine                    1.309  156
alg :  solve_MG                         3.689  6
alg :  solve_PardisoCholesky            1.003  110
alg :  symbolic_PardisoCholesky         0.060  1
alg :  update_mg_status                 0.016  313
alg : 
alg :  size = 386408
alg :  build_fine_select_omega       0.054  12
alg :  build_select_pivot_nonzeros   0.090  12
alg :  build_select_vectors          0.013  12
alg :  calc_residual_LU              0.057  12
alg :  call_MG_solver                0.743  12
alg :  clean_fine_level              0.008  12
alg :  init_RB_fine_nonzeros         0.000  12
alg :  init_fine_level               0.157  12
alg :  mg_cycle                      0.674  12
alg :  run_smoothing                 0.674  12
alg :  smoother_fine                 0.616  69
alg :  solve_MG                      0.909  12
alg :  update_mg_status              0.000  12
alg : 
alg :  size = 386408
alg :  build_fine_select_omega       0.143  6
alg :  build_select_pivot_nonzeros   0.157  6
alg :  build_select_vectors          0.023  6
alg :  calc_residual_LU              0.103  6
alg :  call_MG_solver                0.731  6
alg :  clean_fine_level              0.012  6
alg :  init_RB_fine_nonzeros         0.000  6
alg :  init_fine_level               0.326  6
alg :  mg_cycle                      0.597  6
alg :  run_smoothing                 0.597  6
alg :  smoother_fine                 0.493  18
alg :  solve_MG                      1.070  6
alg :  update_mg_status              0.000  6
Free Geometry DB takes 0.000 s
Radiation timings:
Total: Total time: 4.532, count: 7, Average time: 0.647, Maximum time: 1.362
Prepare: Total time: 1.362, count: 1, Average time: 1.362, Maximum time: 1.362
Calculation: Total time: 3.169, count: 6, Average time: 0.528, Maximum time: 0.872
Trace rays: Total time: 2.943, count: 5, Average time: 0.589, Maximum time: 0.832
Collect filter: Total time: 0.029, count: 5, Average time: 0.006, Maximum time: 0.008
Smoothing: Total time: 0.035, count: 6, Average time: 0.006, Maximum time: 0.007
Build DO Approximation: No data
Build DO Approximation 2nd order: No data
UpdateParams DO: No data
Write DO data: No data
Read DO data: No data
OK
Algebra Pool      : mem_usage = 182.50 Mb, allocated count = 0
Log ended at 15.8.2022	11:58:45
