UG to STEP
! INFO-     NX STEP AP214 - V1953
! INFO-      
! INFO-     Start of Translation: 17-JUL-2022  11:18:22 PM
! INFO-      
! STATUS-   Converting Part: C:\Users\harry\AppData\Local\Temp\harr66AC5C556djn.prt
! SUMMARY-   
! SUMMARY-  Summary of Unigraphics Part Entities
! SUMMARY-  For Part: C:\Users\harry\AppData\Local\Temp\harr66AC5C556djn.prt 
! SUMMARY-  Entities Processed             Count
! SUMMARY-  ------------------             -----
! SUMMARY-  Part Attribute ..............:     1
! SUMMARY-  Font ........................:     1
! SUMMARY-  Color Table .................:     2
! SUMMARY-  Coordinate System ...........:     1
! SUMMARY-  Parameter ...................:     1
! SUMMARY-  Matrix ......................:     1
! SUMMARY-  Solid .......................:
! SUMMARY-     Body .....................:     3
! SUMMARY-                                 -----
! SUMMARY-  Total                             10
! STATUS-    
! STATUS-   Converting to Output Form (Phase 2 of 3): 17-JUL-2022 11:18:22 PM
! STATUS-    
! STATUS-    
! STATUS-   Generating UG geometry and placing them in parts
! STATUS-    
! SUMMARY-   
! SUMMARY-    STEP Header Information
! SUMMARY-   
! SUMMARY-  Description      Unknown
! SUMMARY-  Imp_Level        1
! SUMMARY-  File_Name        End Holder Block - Tensioning Mod, Fixed Ledges.stp
! SUMMARY-  Date             2022-07-17T23:18:22+01:00
! SUMMARY-  Author           Unknown
! SUMMARY-  Organization     Unknown
! SUMMARY-  Pre_Version      ST-DEVELOPER v18.1
! SUMMARY-  Orig_System      SIEMENS PLM Software NX 1961
! SUMMARY-  Authorization    Unknown
! SUMMARY-  Schema_ID        step_merged_ap_schema
! SUMMARY-   
! SUMMARY-    Summary of STEP Entities
! SUMMARY-   
! SUMMARY-  Entity Type                                                   Count
! SUMMARY-  -----------                                                   ------
! SUMMARY-  advanced_face ..............................................:    113
! SUMMARY-  application_context ........................................:      1
! SUMMARY-  axis2_placement_3d .........................................:    213
! SUMMARY-  b_spline_curve_with_knots ..................................:      4
! SUMMARY-  cartesian_point ............................................:    568
! SUMMARY-  circle .....................................................:     83
! SUMMARY-  closed_shell ...............................................:      3
! SUMMARY-  conical_surface ............................................:      9
! SUMMARY-  conversion_based_unit_and_plane_angle_unit .................:      1
! SUMMARY-  cylindrical_surface ........................................:     44
! SUMMARY-  dimensional_exponents ......................................:      1
! SUMMARY-  direction ..................................................:    584
! SUMMARY-  edge_curve .................................................:    261
! SUMMARY-  edge_loop ..................................................:    150
! SUMMARY-  ellipse ....................................................:     16
! SUMMARY-  face_bound .................................................:     70
! SUMMARY-  face_outer_bound ...........................................:     80
! SUMMARY-  geometric_representation_context_and_global_uncertainty_a ..:      1
! SUMMARY-  length_unit_and_si_unit ....................................:      1
! SUMMARY-  line .......................................................:    158
! SUMMARY-  manifold_solid_brep ........................................:      3
! SUMMARY-  oriented_edge ..............................................:    522
! SUMMARY-  plane ......................................................:     60
! SUMMARY-  plane_angle_measure_with_unit ..............................:      1
! SUMMARY-  plane_angle_unit_and_si_unit ...............................:      1
! SUMMARY-  product ....................................................:      1
! SUMMARY-  product_context ............................................:      1
! SUMMARY-  product_definition .........................................:      1
! SUMMARY-  product_definition_context .................................:      1
! SUMMARY-  product_definition_formation_with_specified_source .........:      1
! SUMMARY-  product_definition_shape ...................................:      1
! SUMMARY-  product_related_product_category ...........................:      1
! SUMMARY-  si_unit_and_solid_angle_unit ...............................:      1
! SUMMARY-  uncertainty_measure_with_unit ..............................:      1
! SUMMARY-  vector .....................................................:    158
! SUMMARY-  vertex_point ...............................................:    181
! SUMMARY-                                                               -------
! SUMMARY-  Total                                                           3296
! INFO-      
! INFO-     User interface/default file
! INFO-     Bspline aprx. value in effect for this translation : 2.540000e-02 mm
! INFO-      
! INFO-     Total number of solids input for this translation  :       3
! INFO-      
! INFO-     Number of solids processed without problems        :       3
! INFO-      
! INFO-     Number of solids with problems output as sheets    :       0
! INFO-      
! INFO-     Number of solids not processed                     :       0
! INFO-      
! INFO-     End of Translation: 17-JUL-2022  11:18:23 PM
! INFO-      
