----------------------------------------------------------------------------
SUMMARY-            Translator Settings
----------------------------------------------------------------------------
UNITS                                              = METRIC                                            
MAX_SPLINE_DEGREE                                  = 3                                                 
UGI_IMPORT_POLYLINE                                = SPLINE                                            
UGI_DIM_IMPORT_FLAG                                = REAL                                              
FILL_MODE                                          = OFF                                               
IMPORT_ACAD_MODEL_DATA                             = YES                                               
IMPORT_ACAD_MODEL_DATA_TO                          = MODELING                                          
IMPORT_ACAD_LAYOUTS                                = YES                                               
IMPORT_ACAD_LAYOUTS_TO                             = IMPORTED_VIEW                                     
IMPORT_ACAD_BlOCKS_AS                              = GROUP                                             
IMPORT_ACAD_CURVES_ON_SKETCH                       = NO                                                
AVOID_NX_TEMPLATE_PART_LAYERS                      = YES                                               
SET_NX_LAYER_NUMBER_FROM_PREFIX                    = NO                                                
SKIP_UNREFERENCED_ACAD_LAYERS                      = YES                                               
IMPORT_UNSELECTED_ACAD_LAYERS                      = NO                                                
IMPORT_UNSELECTED_ACAD_LAYERS_TO                   = 256                                               
NON_NUMERIC_LAYER_SORTING_CRITERIA                 = ALPHABETICAL                                      
IMPORT_3D_FACES_AS                                 = JT FACETS                                         
-------------------------------End------------------------------------------

----------------------------------------------------------------------------
SUMMARY-            ACAD and NX Layouts\Drawing Info
----------------------------------------------------------------------------
ACAD Layout Name              NX Drawing Name               (Size)                        
----------------              ---------------               ------                        
Layout1                       SHT112                        (511.000000 * 523.000000)
-------------------------------End------------------------------------------

----------------------------------------------------------------------------
SUMMARY-            ACAD and NX Layer Mapping Info
----------------------------------------------------------------------------
ACAD Layer                                        NX Layer                                          
------------                                      -----------                                       
0                                                 1                                                 
C28                                               2                                                 
C7                                                3                                                 
-------------------------------End------------------------------------------

----------------------------------------------------------------------------
SUMMARY-            ACAD and NX Linefonts Mapping Info
----------------------------------------------------------------------------
ACAD Linefont                                     NX Linefont                                       
------------                                      -----------                                       
CONTINUOUS                                        Solid                                             
-------------------------------End------------------------------------------

----------------------------------------------------------------------------
SUMMARY-            ACAD Text Fonts And NX Text Fonts Info
----------------------------------------------------------------------------
ACAD TextFont                                     NX TextFont                                       
------------                                      -----------                                       
txt                                               Arial                                             
-------------------------------End------------------------------------------

----------------------------------------------------------------------------
SUMMARY-            ACAD and NX Hatch Pattern Mapping Info
----------------------------------------------------------------------------
ACAD Hatch Pattern                                NX Hatch Pattern                                  
------------                                      -----------                                       

-None-
-------------------------------End------------------------------------------

INFO-
INFO-		AutoCAD 16 to Unigraphics Version NX V1953
INFO-		20.08
INFO-
INFO-		Running DXFTOUG Translator .....
INFO-
INFO-		Start of Translation: Wed Aug  3 20:56:38 2022
INFO-
STATUS-		Converting I:\Screenshot_2022-08-03_200612.dxf
STATUS-
----------------------------------------------------------------------------
SUMMARY-                     Warnings
----------------------------------------------------------------------------
1. The drawing name SHT1 is changed to SHT112.
-------------------------------End------------------------------------------

SUMMARY-
SUMMARY-	Summary of AutoCAD Input Entities
SUMMARY-	For AutoCAD File: I:\Screenshot_2022-08-03_200612.dxf
SUMMARY-SUMMARY-	------------------------------------------------------------------
SUMMARY-	Entity Type					Count
SUMMARY-	------------------------------------------------------------------
SUMMARY-	Light Weight Polyline ....................:	11
SUMMARY-	Layout ...................................:	1
SUMMARY-	------------------------------------------------------------------
SUMMARY-	Total ....................................:	12
SUMMARY-	------------------------------------------------------------------
SUMMARY-
STATUS-
INFO-
INFO-		Writing File: I:\Screenshot_2022-08-03_200612_dxf.prt
SUMMARY-	Summary of UG Output Entities
SUMMARY-	------------------------------------------------------------------
SUMMARY-	Entity Type					Count
SUMMARY-	------------------------------------------------------------------
SUMMARY-	Spline ...................................:	10
SUMMARY-	Group ....................................:	1
SUMMARY-	------------------------------------------------------------------
SUMMARY-	Total ....................................:	11
SUMMARY-	------------------------------------------------------------------
SUMMARY-
INFO-
INFO-		End of Translation: Wed Aug  3 20:56:39 2022
INFO-		Translation CPU time: 0 m, 1 s
INFO-
